<?xml version="1.0" encoding="UTF-8"?>
<testng-results ignored="0" total="1" passed="1" failed="0" skipped="0">
  <reporter-output>
  </reporter-output>
  <suite started-at="2022-08-11T09:41:48Z" name="Default suite" finished-at="2022-08-11T09:42:14Z" duration-ms="25242">
    <groups>
    </groups>
    <test started-at="2022-08-11T09:41:48Z" name="Default test" finished-at="2022-08-11T09:42:14Z" duration-ms="25242">
      <class name="com.aajtak.android.Hamburger_DownloadedContent.TC_AT_Dwncnt_009">
        <test-method is-config="true" signature="fileConfiguration()[pri:0, instance:com.aajtak.android.Hamburger_DownloadedContent.TC_AT_Dwncnt_009@16610890]" started-at="2022-08-11T09:41:48Z" name="fileConfiguration" finished-at="2022-08-11T09:41:48Z" duration-ms="8" status="PASS">
          <reporter-output>
          </reporter-output>
        </test-method> <!-- fileConfiguration -->
        <test-method is-config="true" signature="startServer()[pri:0, instance:com.aajtak.android.Hamburger_DownloadedContent.TC_AT_Dwncnt_009@16610890]" started-at="2022-08-11T09:41:48Z" name="startServer" finished-at="2022-08-11T09:41:48Z" duration-ms="294" status="PASS">
          <reporter-output>
          </reporter-output>
        </test-method> <!-- startServer -->
        <test-method is-config="true" signature="loadLog4j()[pri:0, instance:com.aajtak.android.Hamburger_DownloadedContent.TC_AT_Dwncnt_009@16610890]" started-at="2022-08-11T09:41:48Z" name="loadLog4j" finished-at="2022-08-11T09:41:48Z" duration-ms="2" status="PASS">
          <reporter-output>
          </reporter-output>
        </test-method> <!-- loadLog4j -->
        <test-method is-config="true" signature="setUp()[pri:0, instance:com.aajtak.android.Hamburger_DownloadedContent.TC_AT_Dwncnt_009@16610890]" started-at="2022-08-11T09:41:48Z" name="setUp" finished-at="2022-08-11T09:41:56Z" duration-ms="7978" status="PASS">
          <reporter-output>
          </reporter-output>
        </test-method> <!-- setUp -->
        <test-method signature="AT_Dwncnt_009()[pri:9, instance:com.aajtak.android.Hamburger_DownloadedContent.TC_AT_Dwncnt_009@16610890]" started-at="2022-08-11T09:41:56Z" name="AT_Dwncnt_009" description="Verify the message displayed when there is no Downloaded stories" finished-at="2022-08-11T09:42:13Z" duration-ms="16690" status="PASS">
          <reporter-output>
          </reporter-output>
        </test-method> <!-- AT_Dwncnt_009 -->
      </class> <!-- com.aajtak.android.Hamburger_DownloadedContent.TC_AT_Dwncnt_009 -->
    </test> <!-- Default test -->
  </suite> <!-- Default suite -->
</testng-results>
