<?xml version="1.0" encoding="UTF-8"?>
<!-- Generated by org.testng.reporters.JUnitXMLReporter -->
<testsuite ignored="1064" hostname="TYSS-Gowtham" failures="40" tests="40" name="Aajtak_Test1" time="1471.703" errors="0" timestamp="17 Jul 2022 17:34:12 GMT">
  <testcase classname="com.aajtak.android.BottomNavigationBar.TC_AT_BNB_002" name="AT_BNB_002" time="34.328">
    <failure type="org.openqa.selenium.TimeoutException" message="Expected condition failed: waiting for visibility of Located by By.chained({By.xpath: //android.widget.ImageView[@resource-id=&amp;apos;in.AajTak.headlines:id/fab_india_today&amp;apos;]}) (tried for 20 second(s) with 500 milliseconds interval)">
      <![CDATA[org.openqa.selenium.TimeoutException: Expected condition failed: waiting for visibility of Located by By.chained({By.xpath: //android.widget.ImageView[@resource-id='in.AajTak.headlines:id/fab_india_today']}) (tried for 20 second(s) with 500 milliseconds interval)
at org.openqa.selenium.support.ui.WebDriverWait.timeoutException(WebDriverWait.java:95)
at org.openqa.selenium.support.ui.FluentWait.until(FluentWait.java:272)
at com.aajtak.android.init.BaseUtil.waitTillElementPresent(BaseUtil.java:339)
at com.aajtak.android.BottomNavigationBar.TC_AT_BNB_002.AT_BNB_002(TC_AT_BNB_002.java:32)
Caused by: org.openqa.selenium.NoSuchElementException: Can't locate an element by this strategy: By.chained({By.xpath: //android.widget.ImageView[@resource-id='in.AajTak.headlines:id/fab_india_today']})
at io.appium.java_client.pagefactory.AppiumElementLocator.findElement(AppiumElementLocator.java:126)
at io.appium.java_client.pagefactory.interceptors.InterceptorOfASingleElement.intercept(InterceptorOfASingleElement.java:60)
at io.appium.java_client.android.AndroidElement$$EnhancerByCGLIB$$b598166c.isDisplayed(<generated>)
at org.openqa.selenium.support.ui.ExpectedConditions.elementIfVisible(ExpectedConditions.java:314)
at org.openqa.selenium.support.ui.ExpectedConditions.access$000(ExpectedConditions.java:43)
at org.openqa.selenium.support.ui.ExpectedConditions$10.apply(ExpectedConditions.java:300)
at org.openqa.selenium.support.ui.ExpectedConditions$10.apply(ExpectedConditions.java:297)
at org.openqa.selenium.support.ui.FluentWait.until(FluentWait.java:249)
... 27 more
Caused by: org.openqa.selenium.TimeoutException: Expected condition failed: waiting for io.appium.java_client.pagefactory.AppiumElementLocator$WaitingFunction@66213a0d (tried for 1 second(s) with 500 milliseconds interval)
at org.openqa.selenium.support.ui.FluentWait.timeoutException(FluentWait.java:304)
at org.openqa.selenium.support.ui.FluentWait.until(FluentWait.java:272)
at io.appium.java_client.pagefactory.AppiumElementLocator.waitFor(AppiumElementLocator.java:99)
at io.appium.java_client.pagefactory.AppiumElementLocator.findElement(AppiumElementLocator.java:119)
... 34 more
Caused by: org.openqa.selenium.NoSuchElementException: Cannot locate an element using By.chained({By.xpath: //android.widget.ImageView[@resource-id='in.AajTak.headlines:id/fab_india_today']})
For documentation on this error, please visit: https://www.seleniumhq.org/exceptions/no_such_element.html
Build info: version: '3.141.59', revision: 'e82be7d358', time: '2018-11-14T08:17:03'
System info: host: 'TYSS-GOWTHAM', ip: '192.168.0.104', os.name: 'Windows 11', os.arch: 'amd64', os.version: '10.0', java.version: '11.0.14.1'
Driver info: driver.version: AndroidDriver
at io.appium.java_client.pagefactory.bys.builder.ByChained.findElement(ByChained.java:74)
at org.openqa.selenium.remote.RemoteWebDriver.findElement(RemoteWebDriver.java:315)
at io.appium.java_client.DefaultGenericMobileDriver.findElement(DefaultGenericMobileDriver.java:58)
at io.appium.java_client.AppiumDriver.findElement(AppiumDriver.java:1)
at io.appium.java_client.android.AndroidDriver.findElement(AndroidDriver.java:1)
at io.appium.java_client.pagefactory.bys.ContentMappedBy.findElement(ContentMappedBy.java:50)
at org.openqa.selenium.remote.RemoteWebDriver.findElement(RemoteWebDriver.java:315)
at io.appium.java_client.DefaultGenericMobileDriver.findElement(DefaultGenericMobileDriver.java:58)
at io.appium.java_client.AppiumDriver.findElement(AppiumDriver.java:1)
at io.appium.java_client.android.AndroidDriver.findElement(AndroidDriver.java:1)
at io.appium.java_client.pagefactory.AppiumElementLocator.lambda$0(AppiumElementLocator.java:120)
at io.appium.java_client.pagefactory.AppiumElementLocator$WaitingFunction.apply(AppiumElementLocator.java:172)
at io.appium.java_client.pagefactory.AppiumElementLocator$WaitingFunction.apply(AppiumElementLocator.java:1)
at org.openqa.selenium.support.ui.FluentWait.until(FluentWait.java:249)
... 36 more
... Removed 25 stack frames]]>
    </failure>
  </testcase> <!-- AT_BNB_002 -->
  <testcase classname="com.aajtak.android.BottomNavigationBar.TC_AT_BNB_003" name="AT_BNB_003" time="20.556">
    <failure type="org.openqa.selenium.TimeoutException" message="Expected condition failed: waiting for visibility of Located by By.chained({By.xpath: //android.widget.ImageView[@resource-id=&amp;apos;in.AajTak.headlines:id/fab_india_today&amp;apos;]}) (tried for 10 second(s) with 500 milliseconds interval)">
      <![CDATA[org.openqa.selenium.TimeoutException: Expected condition failed: waiting for visibility of Located by By.chained({By.xpath: //android.widget.ImageView[@resource-id='in.AajTak.headlines:id/fab_india_today']}) (tried for 10 second(s) with 500 milliseconds interval)
at org.openqa.selenium.support.ui.WebDriverWait.timeoutException(WebDriverWait.java:95)
at org.openqa.selenium.support.ui.FluentWait.until(FluentWait.java:272)
at com.aajtak.android.init.BaseUtil.waitTillElementPresent(BaseUtil.java:339)
at com.aajtak.android.BottomNavigationBar.TC_AT_BNB_003.AT_BNB_003(TC_AT_BNB_003.java:31)
Caused by: org.openqa.selenium.NoSuchElementException: Can't locate an element by this strategy: By.chained({By.xpath: //android.widget.ImageView[@resource-id='in.AajTak.headlines:id/fab_india_today']})
at io.appium.java_client.pagefactory.AppiumElementLocator.findElement(AppiumElementLocator.java:126)
at io.appium.java_client.pagefactory.interceptors.InterceptorOfASingleElement.intercept(InterceptorOfASingleElement.java:60)
at io.appium.java_client.android.AndroidElement$$EnhancerByCGLIB$$b598166c.isDisplayed(<generated>)
at org.openqa.selenium.support.ui.ExpectedConditions.elementIfVisible(ExpectedConditions.java:314)
at org.openqa.selenium.support.ui.ExpectedConditions.access$000(ExpectedConditions.java:43)
at org.openqa.selenium.support.ui.ExpectedConditions$10.apply(ExpectedConditions.java:300)
at org.openqa.selenium.support.ui.ExpectedConditions$10.apply(ExpectedConditions.java:297)
at org.openqa.selenium.support.ui.FluentWait.until(FluentWait.java:249)
... 27 more
Caused by: org.openqa.selenium.TimeoutException: Expected condition failed: waiting for io.appium.java_client.pagefactory.AppiumElementLocator$WaitingFunction@5e1fc42f (tried for 1 second(s) with 500 milliseconds interval)
at org.openqa.selenium.support.ui.FluentWait.timeoutException(FluentWait.java:304)
at org.openqa.selenium.support.ui.FluentWait.until(FluentWait.java:272)
at io.appium.java_client.pagefactory.AppiumElementLocator.waitFor(AppiumElementLocator.java:99)
at io.appium.java_client.pagefactory.AppiumElementLocator.findElement(AppiumElementLocator.java:119)
... 34 more
Caused by: org.openqa.selenium.NoSuchElementException: Cannot locate an element using By.chained({By.xpath: //android.widget.ImageView[@resource-id='in.AajTak.headlines:id/fab_india_today']})
For documentation on this error, please visit: https://www.seleniumhq.org/exceptions/no_such_element.html
Build info: version: '3.141.59', revision: 'e82be7d358', time: '2018-11-14T08:17:03'
System info: host: 'TYSS-GOWTHAM', ip: '192.168.0.104', os.name: 'Windows 11', os.arch: 'amd64', os.version: '10.0', java.version: '11.0.14.1'
Driver info: driver.version: AndroidDriver
at io.appium.java_client.pagefactory.bys.builder.ByChained.findElement(ByChained.java:74)
at org.openqa.selenium.remote.RemoteWebDriver.findElement(RemoteWebDriver.java:315)
at io.appium.java_client.DefaultGenericMobileDriver.findElement(DefaultGenericMobileDriver.java:58)
at io.appium.java_client.AppiumDriver.findElement(AppiumDriver.java:1)
at io.appium.java_client.android.AndroidDriver.findElement(AndroidDriver.java:1)
at io.appium.java_client.pagefactory.bys.ContentMappedBy.findElement(ContentMappedBy.java:50)
at org.openqa.selenium.remote.RemoteWebDriver.findElement(RemoteWebDriver.java:315)
at io.appium.java_client.DefaultGenericMobileDriver.findElement(DefaultGenericMobileDriver.java:58)
at io.appium.java_client.AppiumDriver.findElement(AppiumDriver.java:1)
at io.appium.java_client.android.AndroidDriver.findElement(AndroidDriver.java:1)
at io.appium.java_client.pagefactory.AppiumElementLocator.lambda$0(AppiumElementLocator.java:120)
at io.appium.java_client.pagefactory.AppiumElementLocator$WaitingFunction.apply(AppiumElementLocator.java:172)
at io.appium.java_client.pagefactory.AppiumElementLocator$WaitingFunction.apply(AppiumElementLocator.java:1)
at org.openqa.selenium.support.ui.FluentWait.until(FluentWait.java:249)
... 36 more
... Removed 25 stack frames]]>
    </failure>
  </testcase> <!-- AT_BNB_003 -->
  <testcase classname="com.aajtak.android.BottomNavigationBar.TC_AT_BNB_005" name="AT_BNB_005" time="31.447">
    <failure type="org.openqa.selenium.TimeoutException" message="Expected condition failed: waiting for visibility of Located by By.chained({By.xpath: //android.widget.ImageView[@resource-id=&amp;apos;in.AajTak.headlines:id/fab_india_today&amp;apos;]}) (tried for 20 second(s) with 500 milliseconds interval)">
      <![CDATA[org.openqa.selenium.TimeoutException: Expected condition failed: waiting for visibility of Located by By.chained({By.xpath: //android.widget.ImageView[@resource-id='in.AajTak.headlines:id/fab_india_today']}) (tried for 20 second(s) with 500 milliseconds interval)
at org.openqa.selenium.support.ui.WebDriverWait.timeoutException(WebDriverWait.java:95)
at org.openqa.selenium.support.ui.FluentWait.until(FluentWait.java:272)
at com.aajtak.android.init.BaseUtil.waitTillElementPresent(BaseUtil.java:339)
at com.aajtak.android.BottomNavigationBar.TC_AT_BNB_005.AT_BNB_005(TC_AT_BNB_005.java:32)
Caused by: org.openqa.selenium.NoSuchElementException: Can't locate an element by this strategy: By.chained({By.xpath: //android.widget.ImageView[@resource-id='in.AajTak.headlines:id/fab_india_today']})
at io.appium.java_client.pagefactory.AppiumElementLocator.findElement(AppiumElementLocator.java:126)
at io.appium.java_client.pagefactory.interceptors.InterceptorOfASingleElement.intercept(InterceptorOfASingleElement.java:60)
at io.appium.java_client.android.AndroidElement$$EnhancerByCGLIB$$b598166c.isDisplayed(<generated>)
at org.openqa.selenium.support.ui.ExpectedConditions.elementIfVisible(ExpectedConditions.java:314)
at org.openqa.selenium.support.ui.ExpectedConditions.access$000(ExpectedConditions.java:43)
at org.openqa.selenium.support.ui.ExpectedConditions$10.apply(ExpectedConditions.java:300)
at org.openqa.selenium.support.ui.ExpectedConditions$10.apply(ExpectedConditions.java:297)
at org.openqa.selenium.support.ui.FluentWait.until(FluentWait.java:249)
... 27 more
Caused by: org.openqa.selenium.TimeoutException: Expected condition failed: waiting for io.appium.java_client.pagefactory.AppiumElementLocator$WaitingFunction@46e64760 (tried for 1 second(s) with 500 milliseconds interval)
at org.openqa.selenium.support.ui.FluentWait.timeoutException(FluentWait.java:304)
at org.openqa.selenium.support.ui.FluentWait.until(FluentWait.java:272)
at io.appium.java_client.pagefactory.AppiumElementLocator.waitFor(AppiumElementLocator.java:99)
at io.appium.java_client.pagefactory.AppiumElementLocator.findElement(AppiumElementLocator.java:119)
... 34 more
Caused by: org.openqa.selenium.NoSuchElementException: Cannot locate an element using By.chained({By.xpath: //android.widget.ImageView[@resource-id='in.AajTak.headlines:id/fab_india_today']})
For documentation on this error, please visit: https://www.seleniumhq.org/exceptions/no_such_element.html
Build info: version: '3.141.59', revision: 'e82be7d358', time: '2018-11-14T08:17:03'
System info: host: 'TYSS-GOWTHAM', ip: '192.168.0.104', os.name: 'Windows 11', os.arch: 'amd64', os.version: '10.0', java.version: '11.0.14.1'
Driver info: driver.version: AndroidDriver
at io.appium.java_client.pagefactory.bys.builder.ByChained.findElement(ByChained.java:74)
at org.openqa.selenium.remote.RemoteWebDriver.findElement(RemoteWebDriver.java:315)
at io.appium.java_client.DefaultGenericMobileDriver.findElement(DefaultGenericMobileDriver.java:58)
at io.appium.java_client.AppiumDriver.findElement(AppiumDriver.java:1)
at io.appium.java_client.android.AndroidDriver.findElement(AndroidDriver.java:1)
at io.appium.java_client.pagefactory.bys.ContentMappedBy.findElement(ContentMappedBy.java:50)
at org.openqa.selenium.remote.RemoteWebDriver.findElement(RemoteWebDriver.java:315)
at io.appium.java_client.DefaultGenericMobileDriver.findElement(DefaultGenericMobileDriver.java:58)
at io.appium.java_client.AppiumDriver.findElement(AppiumDriver.java:1)
at io.appium.java_client.android.AndroidDriver.findElement(AndroidDriver.java:1)
at io.appium.java_client.pagefactory.AppiumElementLocator.lambda$0(AppiumElementLocator.java:120)
at io.appium.java_client.pagefactory.AppiumElementLocator$WaitingFunction.apply(AppiumElementLocator.java:172)
at io.appium.java_client.pagefactory.AppiumElementLocator$WaitingFunction.apply(AppiumElementLocator.java:1)
at org.openqa.selenium.support.ui.FluentWait.until(FluentWait.java:249)
... 36 more
... Removed 25 stack frames]]>
    </failure>
  </testcase> <!-- AT_BNB_005 -->
  <testcase classname="com.aajtak.android.BottomNavigationBar.TC_AT_BNB_006" name="AT_BNB_006" time="18.375">
    <failure type="org.openqa.selenium.TimeoutException" message="Expected condition failed: waiting for visibility of Located by By.chained({By.xpath: //android.widget.ImageView[@resource-id=&amp;apos;in.AajTak.headlines:id/fab_india_today&amp;apos;]}) (tried for 10 second(s) with 500 milliseconds interval)">
      <![CDATA[org.openqa.selenium.TimeoutException: Expected condition failed: waiting for visibility of Located by By.chained({By.xpath: //android.widget.ImageView[@resource-id='in.AajTak.headlines:id/fab_india_today']}) (tried for 10 second(s) with 500 milliseconds interval)
at org.openqa.selenium.support.ui.WebDriverWait.timeoutException(WebDriverWait.java:95)
at org.openqa.selenium.support.ui.FluentWait.until(FluentWait.java:272)
at com.aajtak.android.init.BaseUtil.waitTillElementPresent(BaseUtil.java:339)
at com.aajtak.android.BottomNavigationBar.TC_AT_BNB_006.AT_BNB_006(TC_AT_BNB_006.java:28)
Caused by: org.openqa.selenium.NoSuchElementException: Can't locate an element by this strategy: By.chained({By.xpath: //android.widget.ImageView[@resource-id='in.AajTak.headlines:id/fab_india_today']})
at io.appium.java_client.pagefactory.AppiumElementLocator.findElement(AppiumElementLocator.java:126)
at io.appium.java_client.pagefactory.interceptors.InterceptorOfASingleElement.intercept(InterceptorOfASingleElement.java:60)
at io.appium.java_client.android.AndroidElement$$EnhancerByCGLIB$$b598166c.isDisplayed(<generated>)
at org.openqa.selenium.support.ui.ExpectedConditions.elementIfVisible(ExpectedConditions.java:314)
at org.openqa.selenium.support.ui.ExpectedConditions.access$000(ExpectedConditions.java:43)
at org.openqa.selenium.support.ui.ExpectedConditions$10.apply(ExpectedConditions.java:300)
at org.openqa.selenium.support.ui.ExpectedConditions$10.apply(ExpectedConditions.java:297)
at org.openqa.selenium.support.ui.FluentWait.until(FluentWait.java:249)
... 27 more
Caused by: org.openqa.selenium.TimeoutException: Expected condition failed: waiting for io.appium.java_client.pagefactory.AppiumElementLocator$WaitingFunction@3bec5821 (tried for 1 second(s) with 500 milliseconds interval)
at org.openqa.selenium.support.ui.FluentWait.timeoutException(FluentWait.java:304)
at org.openqa.selenium.support.ui.FluentWait.until(FluentWait.java:272)
at io.appium.java_client.pagefactory.AppiumElementLocator.waitFor(AppiumElementLocator.java:99)
at io.appium.java_client.pagefactory.AppiumElementLocator.findElement(AppiumElementLocator.java:119)
... 34 more
Caused by: org.openqa.selenium.NoSuchElementException: Cannot locate an element using By.chained({By.xpath: //android.widget.ImageView[@resource-id='in.AajTak.headlines:id/fab_india_today']})
For documentation on this error, please visit: https://www.seleniumhq.org/exceptions/no_such_element.html
Build info: version: '3.141.59', revision: 'e82be7d358', time: '2018-11-14T08:17:03'
System info: host: 'TYSS-GOWTHAM', ip: '192.168.0.104', os.name: 'Windows 11', os.arch: 'amd64', os.version: '10.0', java.version: '11.0.14.1'
Driver info: driver.version: AndroidDriver
at io.appium.java_client.pagefactory.bys.builder.ByChained.findElement(ByChained.java:74)
at org.openqa.selenium.remote.RemoteWebDriver.findElement(RemoteWebDriver.java:315)
at io.appium.java_client.DefaultGenericMobileDriver.findElement(DefaultGenericMobileDriver.java:58)
at io.appium.java_client.AppiumDriver.findElement(AppiumDriver.java:1)
at io.appium.java_client.android.AndroidDriver.findElement(AndroidDriver.java:1)
at io.appium.java_client.pagefactory.bys.ContentMappedBy.findElement(ContentMappedBy.java:50)
at org.openqa.selenium.remote.RemoteWebDriver.findElement(RemoteWebDriver.java:315)
at io.appium.java_client.DefaultGenericMobileDriver.findElement(DefaultGenericMobileDriver.java:58)
at io.appium.java_client.AppiumDriver.findElement(AppiumDriver.java:1)
at io.appium.java_client.android.AndroidDriver.findElement(AndroidDriver.java:1)
at io.appium.java_client.pagefactory.AppiumElementLocator.lambda$0(AppiumElementLocator.java:120)
at io.appium.java_client.pagefactory.AppiumElementLocator$WaitingFunction.apply(AppiumElementLocator.java:172)
at io.appium.java_client.pagefactory.AppiumElementLocator$WaitingFunction.apply(AppiumElementLocator.java:1)
at org.openqa.selenium.support.ui.FluentWait.until(FluentWait.java:249)
... 36 more
... Removed 25 stack frames]]>
    </failure>
  </testcase> <!-- AT_BNB_006 -->
  <testcase classname="com.aajtak.android.BottomNavigationBar.TC_AT_BNB_008" name="AT_BNB_008" time="20.459">
    <failure type="org.openqa.selenium.TimeoutException" message="Expected condition failed: waiting for visibility of Located by By.chained({By.xpath: //android.widget.ImageView[@resource-id=&amp;apos;in.AajTak.headlines:id/fab_india_today&amp;apos;]}) (tried for 10 second(s) with 500 milliseconds interval)">
      <![CDATA[org.openqa.selenium.TimeoutException: Expected condition failed: waiting for visibility of Located by By.chained({By.xpath: //android.widget.ImageView[@resource-id='in.AajTak.headlines:id/fab_india_today']}) (tried for 10 second(s) with 500 milliseconds interval)
at org.openqa.selenium.support.ui.WebDriverWait.timeoutException(WebDriverWait.java:95)
at org.openqa.selenium.support.ui.FluentWait.until(FluentWait.java:272)
at com.aajtak.android.init.BaseUtil.waitTillElementPresent(BaseUtil.java:339)
at com.aajtak.android.BottomNavigationBar.TC_AT_BNB_008.AT_BNB_008(TC_AT_BNB_008.java:29)
Caused by: org.openqa.selenium.NoSuchElementException: Can't locate an element by this strategy: By.chained({By.xpath: //android.widget.ImageView[@resource-id='in.AajTak.headlines:id/fab_india_today']})
at io.appium.java_client.pagefactory.AppiumElementLocator.findElement(AppiumElementLocator.java:126)
at io.appium.java_client.pagefactory.interceptors.InterceptorOfASingleElement.intercept(InterceptorOfASingleElement.java:60)
at io.appium.java_client.android.AndroidElement$$EnhancerByCGLIB$$b598166c.isDisplayed(<generated>)
at org.openqa.selenium.support.ui.ExpectedConditions.elementIfVisible(ExpectedConditions.java:314)
at org.openqa.selenium.support.ui.ExpectedConditions.access$000(ExpectedConditions.java:43)
at org.openqa.selenium.support.ui.ExpectedConditions$10.apply(ExpectedConditions.java:300)
at org.openqa.selenium.support.ui.ExpectedConditions$10.apply(ExpectedConditions.java:297)
at org.openqa.selenium.support.ui.FluentWait.until(FluentWait.java:249)
... 27 more
Caused by: org.openqa.selenium.TimeoutException: Expected condition failed: waiting for io.appium.java_client.pagefactory.AppiumElementLocator$WaitingFunction@1220ef43 (tried for 1 second(s) with 500 milliseconds interval)
at org.openqa.selenium.support.ui.FluentWait.timeoutException(FluentWait.java:304)
at org.openqa.selenium.support.ui.FluentWait.until(FluentWait.java:272)
at io.appium.java_client.pagefactory.AppiumElementLocator.waitFor(AppiumElementLocator.java:99)
at io.appium.java_client.pagefactory.AppiumElementLocator.findElement(AppiumElementLocator.java:119)
... 34 more
Caused by: org.openqa.selenium.NoSuchElementException: Cannot locate an element using By.chained({By.xpath: //android.widget.ImageView[@resource-id='in.AajTak.headlines:id/fab_india_today']})
For documentation on this error, please visit: https://www.seleniumhq.org/exceptions/no_such_element.html
Build info: version: '3.141.59', revision: 'e82be7d358', time: '2018-11-14T08:17:03'
System info: host: 'TYSS-GOWTHAM', ip: '192.168.0.104', os.name: 'Windows 11', os.arch: 'amd64', os.version: '10.0', java.version: '11.0.14.1'
Driver info: driver.version: AndroidDriver
at io.appium.java_client.pagefactory.bys.builder.ByChained.findElement(ByChained.java:74)
at org.openqa.selenium.remote.RemoteWebDriver.findElement(RemoteWebDriver.java:315)
at io.appium.java_client.DefaultGenericMobileDriver.findElement(DefaultGenericMobileDriver.java:58)
at io.appium.java_client.AppiumDriver.findElement(AppiumDriver.java:1)
at io.appium.java_client.android.AndroidDriver.findElement(AndroidDriver.java:1)
at io.appium.java_client.pagefactory.bys.ContentMappedBy.findElement(ContentMappedBy.java:50)
at org.openqa.selenium.remote.RemoteWebDriver.findElement(RemoteWebDriver.java:315)
at io.appium.java_client.DefaultGenericMobileDriver.findElement(DefaultGenericMobileDriver.java:58)
at io.appium.java_client.AppiumDriver.findElement(AppiumDriver.java:1)
at io.appium.java_client.android.AndroidDriver.findElement(AndroidDriver.java:1)
at io.appium.java_client.pagefactory.AppiumElementLocator.lambda$0(AppiumElementLocator.java:120)
at io.appium.java_client.pagefactory.AppiumElementLocator$WaitingFunction.apply(AppiumElementLocator.java:172)
at io.appium.java_client.pagefactory.AppiumElementLocator$WaitingFunction.apply(AppiumElementLocator.java:1)
at org.openqa.selenium.support.ui.FluentWait.until(FluentWait.java:249)
... 36 more
... Removed 25 stack frames]]>
    </failure>
  </testcase> <!-- AT_BNB_008 -->
  <testcase classname="com.aajtak.android.BottomNavigationBar.TC_AT_BNB_009" name="AT_BNB_009" time="18.885">
    <failure type="org.openqa.selenium.TimeoutException" message="Expected condition failed: waiting for visibility of Located by By.chained({By.xpath: //android.widget.ImageView[@resource-id=&amp;apos;in.AajTak.headlines:id/fab_india_today&amp;apos;]}) (tried for 10 second(s) with 500 milliseconds interval)">
      <![CDATA[org.openqa.selenium.TimeoutException: Expected condition failed: waiting for visibility of Located by By.chained({By.xpath: //android.widget.ImageView[@resource-id='in.AajTak.headlines:id/fab_india_today']}) (tried for 10 second(s) with 500 milliseconds interval)
at org.openqa.selenium.support.ui.WebDriverWait.timeoutException(WebDriverWait.java:95)
at org.openqa.selenium.support.ui.FluentWait.until(FluentWait.java:272)
at com.aajtak.android.init.BaseUtil.waitTillElementPresent(BaseUtil.java:339)
at com.aajtak.android.BottomNavigationBar.TC_AT_BNB_009.AT_BNB_009(TC_AT_BNB_009.java:30)
Caused by: org.openqa.selenium.NoSuchElementException: Can't locate an element by this strategy: By.chained({By.xpath: //android.widget.ImageView[@resource-id='in.AajTak.headlines:id/fab_india_today']})
at io.appium.java_client.pagefactory.AppiumElementLocator.findElement(AppiumElementLocator.java:126)
at io.appium.java_client.pagefactory.interceptors.InterceptorOfASingleElement.intercept(InterceptorOfASingleElement.java:60)
at io.appium.java_client.android.AndroidElement$$EnhancerByCGLIB$$b598166c.isDisplayed(<generated>)
at org.openqa.selenium.support.ui.ExpectedConditions.elementIfVisible(ExpectedConditions.java:314)
at org.openqa.selenium.support.ui.ExpectedConditions.access$000(ExpectedConditions.java:43)
at org.openqa.selenium.support.ui.ExpectedConditions$10.apply(ExpectedConditions.java:300)
at org.openqa.selenium.support.ui.ExpectedConditions$10.apply(ExpectedConditions.java:297)
at org.openqa.selenium.support.ui.FluentWait.until(FluentWait.java:249)
... 27 more
Caused by: org.openqa.selenium.TimeoutException: Expected condition failed: waiting for io.appium.java_client.pagefactory.AppiumElementLocator$WaitingFunction@2dbfcf7 (tried for 1 second(s) with 500 milliseconds interval)
at org.openqa.selenium.support.ui.FluentWait.timeoutException(FluentWait.java:304)
at org.openqa.selenium.support.ui.FluentWait.until(FluentWait.java:272)
at io.appium.java_client.pagefactory.AppiumElementLocator.waitFor(AppiumElementLocator.java:99)
at io.appium.java_client.pagefactory.AppiumElementLocator.findElement(AppiumElementLocator.java:119)
... 34 more
Caused by: org.openqa.selenium.NoSuchElementException: Cannot locate an element using By.chained({By.xpath: //android.widget.ImageView[@resource-id='in.AajTak.headlines:id/fab_india_today']})
For documentation on this error, please visit: https://www.seleniumhq.org/exceptions/no_such_element.html
Build info: version: '3.141.59', revision: 'e82be7d358', time: '2018-11-14T08:17:03'
System info: host: 'TYSS-GOWTHAM', ip: '192.168.0.104', os.name: 'Windows 11', os.arch: 'amd64', os.version: '10.0', java.version: '11.0.14.1'
Driver info: driver.version: AndroidDriver
at io.appium.java_client.pagefactory.bys.builder.ByChained.findElement(ByChained.java:74)
at org.openqa.selenium.remote.RemoteWebDriver.findElement(RemoteWebDriver.java:315)
at io.appium.java_client.DefaultGenericMobileDriver.findElement(DefaultGenericMobileDriver.java:58)
at io.appium.java_client.AppiumDriver.findElement(AppiumDriver.java:1)
at io.appium.java_client.android.AndroidDriver.findElement(AndroidDriver.java:1)
at io.appium.java_client.pagefactory.bys.ContentMappedBy.findElement(ContentMappedBy.java:50)
at org.openqa.selenium.remote.RemoteWebDriver.findElement(RemoteWebDriver.java:315)
at io.appium.java_client.DefaultGenericMobileDriver.findElement(DefaultGenericMobileDriver.java:58)
at io.appium.java_client.AppiumDriver.findElement(AppiumDriver.java:1)
at io.appium.java_client.android.AndroidDriver.findElement(AndroidDriver.java:1)
at io.appium.java_client.pagefactory.AppiumElementLocator.lambda$0(AppiumElementLocator.java:120)
at io.appium.java_client.pagefactory.AppiumElementLocator$WaitingFunction.apply(AppiumElementLocator.java:172)
at io.appium.java_client.pagefactory.AppiumElementLocator$WaitingFunction.apply(AppiumElementLocator.java:1)
at org.openqa.selenium.support.ui.FluentWait.until(FluentWait.java:249)
... 36 more
... Removed 25 stack frames]]>
    </failure>
  </testcase> <!-- AT_BNB_009 -->
  <testcase classname="com.aajtak.android.BottomNavigationBar.TC_AT_BNB_011" name="AT_BNB_011" time="20.856">
    <failure type="org.openqa.selenium.TimeoutException" message="Expected condition failed: waiting for visibility of Located by By.chained({By.xpath: //android.widget.ImageView[@resource-id=&amp;apos;in.AajTak.headlines:id/fab_india_today&amp;apos;]}) (tried for 10 second(s) with 500 milliseconds interval)">
      <![CDATA[org.openqa.selenium.TimeoutException: Expected condition failed: waiting for visibility of Located by By.chained({By.xpath: //android.widget.ImageView[@resource-id='in.AajTak.headlines:id/fab_india_today']}) (tried for 10 second(s) with 500 milliseconds interval)
at org.openqa.selenium.support.ui.WebDriverWait.timeoutException(WebDriverWait.java:95)
at org.openqa.selenium.support.ui.FluentWait.until(FluentWait.java:272)
at com.aajtak.android.init.BaseUtil.waitTillElementPresent(BaseUtil.java:339)
at com.aajtak.android.BottomNavigationBar.TC_AT_BNB_011.AT_BNB_011(TC_AT_BNB_011.java:28)
Caused by: org.openqa.selenium.NoSuchElementException: Can't locate an element by this strategy: By.chained({By.xpath: //android.widget.ImageView[@resource-id='in.AajTak.headlines:id/fab_india_today']})
at io.appium.java_client.pagefactory.AppiumElementLocator.findElement(AppiumElementLocator.java:126)
at io.appium.java_client.pagefactory.interceptors.InterceptorOfASingleElement.intercept(InterceptorOfASingleElement.java:60)
at io.appium.java_client.android.AndroidElement$$EnhancerByCGLIB$$b598166c.isDisplayed(<generated>)
at org.openqa.selenium.support.ui.ExpectedConditions.elementIfVisible(ExpectedConditions.java:314)
at org.openqa.selenium.support.ui.ExpectedConditions.access$000(ExpectedConditions.java:43)
at org.openqa.selenium.support.ui.ExpectedConditions$10.apply(ExpectedConditions.java:300)
at org.openqa.selenium.support.ui.ExpectedConditions$10.apply(ExpectedConditions.java:297)
at org.openqa.selenium.support.ui.FluentWait.until(FluentWait.java:249)
... 27 more
Caused by: org.openqa.selenium.TimeoutException: Expected condition failed: waiting for io.appium.java_client.pagefactory.AppiumElementLocator$WaitingFunction@748a654a (tried for 1 second(s) with 500 milliseconds interval)
at org.openqa.selenium.support.ui.FluentWait.timeoutException(FluentWait.java:304)
at org.openqa.selenium.support.ui.FluentWait.until(FluentWait.java:272)
at io.appium.java_client.pagefactory.AppiumElementLocator.waitFor(AppiumElementLocator.java:99)
at io.appium.java_client.pagefactory.AppiumElementLocator.findElement(AppiumElementLocator.java:119)
... 34 more
Caused by: org.openqa.selenium.NoSuchElementException: Cannot locate an element using By.chained({By.xpath: //android.widget.ImageView[@resource-id='in.AajTak.headlines:id/fab_india_today']})
For documentation on this error, please visit: https://www.seleniumhq.org/exceptions/no_such_element.html
Build info: version: '3.141.59', revision: 'e82be7d358', time: '2018-11-14T08:17:03'
System info: host: 'TYSS-GOWTHAM', ip: '192.168.0.104', os.name: 'Windows 11', os.arch: 'amd64', os.version: '10.0', java.version: '11.0.14.1'
Driver info: driver.version: AndroidDriver
at io.appium.java_client.pagefactory.bys.builder.ByChained.findElement(ByChained.java:74)
at org.openqa.selenium.remote.RemoteWebDriver.findElement(RemoteWebDriver.java:315)
at io.appium.java_client.DefaultGenericMobileDriver.findElement(DefaultGenericMobileDriver.java:58)
at io.appium.java_client.AppiumDriver.findElement(AppiumDriver.java:1)
at io.appium.java_client.android.AndroidDriver.findElement(AndroidDriver.java:1)
at io.appium.java_client.pagefactory.bys.ContentMappedBy.findElement(ContentMappedBy.java:50)
at org.openqa.selenium.remote.RemoteWebDriver.findElement(RemoteWebDriver.java:315)
at io.appium.java_client.DefaultGenericMobileDriver.findElement(DefaultGenericMobileDriver.java:58)
at io.appium.java_client.AppiumDriver.findElement(AppiumDriver.java:1)
at io.appium.java_client.android.AndroidDriver.findElement(AndroidDriver.java:1)
at io.appium.java_client.pagefactory.AppiumElementLocator.lambda$0(AppiumElementLocator.java:120)
at io.appium.java_client.pagefactory.AppiumElementLocator$WaitingFunction.apply(AppiumElementLocator.java:172)
at io.appium.java_client.pagefactory.AppiumElementLocator$WaitingFunction.apply(AppiumElementLocator.java:1)
at org.openqa.selenium.support.ui.FluentWait.until(FluentWait.java:249)
... 36 more
... Removed 25 stack frames]]>
    </failure>
  </testcase> <!-- AT_BNB_011 -->
  <testcase classname="com.aajtak.android.BottomNavigationBar.TC_AT_BNB_018" name="AT_BNB_018" time="18.91">
    <failure type="org.openqa.selenium.TimeoutException" message="Expected condition failed: waiting for visibility of Located by By.chained({By.xpath: //android.widget.ImageView[@resource-id=&amp;apos;in.AajTak.headlines:id/fab_india_today&amp;apos;]}) (tried for 10 second(s) with 500 milliseconds interval)">
      <![CDATA[org.openqa.selenium.TimeoutException: Expected condition failed: waiting for visibility of Located by By.chained({By.xpath: //android.widget.ImageView[@resource-id='in.AajTak.headlines:id/fab_india_today']}) (tried for 10 second(s) with 500 milliseconds interval)
at org.openqa.selenium.support.ui.WebDriverWait.timeoutException(WebDriverWait.java:95)
at org.openqa.selenium.support.ui.FluentWait.until(FluentWait.java:272)
at com.aajtak.android.init.BaseUtil.waitTillElementPresent(BaseUtil.java:339)
at com.aajtak.android.BottomNavigationBar.TC_AT_BNB_018.AT_BNB_018(TC_AT_BNB_018.java:28)
Caused by: org.openqa.selenium.NoSuchElementException: Can't locate an element by this strategy: By.chained({By.xpath: //android.widget.ImageView[@resource-id='in.AajTak.headlines:id/fab_india_today']})
at io.appium.java_client.pagefactory.AppiumElementLocator.findElement(AppiumElementLocator.java:126)
at io.appium.java_client.pagefactory.interceptors.InterceptorOfASingleElement.intercept(InterceptorOfASingleElement.java:60)
at io.appium.java_client.android.AndroidElement$$EnhancerByCGLIB$$b598166c.isDisplayed(<generated>)
at org.openqa.selenium.support.ui.ExpectedConditions.elementIfVisible(ExpectedConditions.java:314)
at org.openqa.selenium.support.ui.ExpectedConditions.access$000(ExpectedConditions.java:43)
at org.openqa.selenium.support.ui.ExpectedConditions$10.apply(ExpectedConditions.java:300)
at org.openqa.selenium.support.ui.ExpectedConditions$10.apply(ExpectedConditions.java:297)
at org.openqa.selenium.support.ui.FluentWait.until(FluentWait.java:249)
... 27 more
Caused by: org.openqa.selenium.TimeoutException: Expected condition failed: waiting for io.appium.java_client.pagefactory.AppiumElementLocator$WaitingFunction@2b6a0ea9 (tried for 1 second(s) with 500 milliseconds interval)
at org.openqa.selenium.support.ui.FluentWait.timeoutException(FluentWait.java:304)
at org.openqa.selenium.support.ui.FluentWait.until(FluentWait.java:272)
at io.appium.java_client.pagefactory.AppiumElementLocator.waitFor(AppiumElementLocator.java:99)
at io.appium.java_client.pagefactory.AppiumElementLocator.findElement(AppiumElementLocator.java:119)
... 34 more
Caused by: org.openqa.selenium.NoSuchElementException: Cannot locate an element using By.chained({By.xpath: //android.widget.ImageView[@resource-id='in.AajTak.headlines:id/fab_india_today']})
For documentation on this error, please visit: https://www.seleniumhq.org/exceptions/no_such_element.html
Build info: version: '3.141.59', revision: 'e82be7d358', time: '2018-11-14T08:17:03'
System info: host: 'TYSS-GOWTHAM', ip: '192.168.0.104', os.name: 'Windows 11', os.arch: 'amd64', os.version: '10.0', java.version: '11.0.14.1'
Driver info: driver.version: AndroidDriver
at io.appium.java_client.pagefactory.bys.builder.ByChained.findElement(ByChained.java:74)
at org.openqa.selenium.remote.RemoteWebDriver.findElement(RemoteWebDriver.java:315)
at io.appium.java_client.DefaultGenericMobileDriver.findElement(DefaultGenericMobileDriver.java:58)
at io.appium.java_client.AppiumDriver.findElement(AppiumDriver.java:1)
at io.appium.java_client.android.AndroidDriver.findElement(AndroidDriver.java:1)
at io.appium.java_client.pagefactory.bys.ContentMappedBy.findElement(ContentMappedBy.java:50)
at org.openqa.selenium.remote.RemoteWebDriver.findElement(RemoteWebDriver.java:315)
at io.appium.java_client.DefaultGenericMobileDriver.findElement(DefaultGenericMobileDriver.java:58)
at io.appium.java_client.AppiumDriver.findElement(AppiumDriver.java:1)
at io.appium.java_client.android.AndroidDriver.findElement(AndroidDriver.java:1)
at io.appium.java_client.pagefactory.AppiumElementLocator.lambda$0(AppiumElementLocator.java:120)
at io.appium.java_client.pagefactory.AppiumElementLocator$WaitingFunction.apply(AppiumElementLocator.java:172)
at io.appium.java_client.pagefactory.AppiumElementLocator$WaitingFunction.apply(AppiumElementLocator.java:1)
at org.openqa.selenium.support.ui.FluentWait.until(FluentWait.java:249)
... 36 more
... Removed 25 stack frames]]>
    </failure>
  </testcase> <!-- AT_BNB_018 -->
  <testcase classname="com.aajtak.android.BottomNavigationBar.TC_AT_BNB_019" name="AT_BNB_019" time="18.622">
    <failure type="org.openqa.selenium.TimeoutException" message="Expected condition failed: waiting for visibility of Located by By.chained({By.xpath: //android.widget.ImageView[@resource-id=&amp;apos;in.AajTak.headlines:id/fab_india_today&amp;apos;]}) (tried for 10 second(s) with 500 milliseconds interval)">
      <![CDATA[org.openqa.selenium.TimeoutException: Expected condition failed: waiting for visibility of Located by By.chained({By.xpath: //android.widget.ImageView[@resource-id='in.AajTak.headlines:id/fab_india_today']}) (tried for 10 second(s) with 500 milliseconds interval)
at org.openqa.selenium.support.ui.WebDriverWait.timeoutException(WebDriverWait.java:95)
at org.openqa.selenium.support.ui.FluentWait.until(FluentWait.java:272)
at com.aajtak.android.init.BaseUtil.waitTillElementPresent(BaseUtil.java:339)
at com.aajtak.android.BottomNavigationBar.TC_AT_BNB_019.AT_BNB_019(TC_AT_BNB_019.java:29)
Caused by: org.openqa.selenium.NoSuchElementException: Can't locate an element by this strategy: By.chained({By.xpath: //android.widget.ImageView[@resource-id='in.AajTak.headlines:id/fab_india_today']})
at io.appium.java_client.pagefactory.AppiumElementLocator.findElement(AppiumElementLocator.java:126)
at io.appium.java_client.pagefactory.interceptors.InterceptorOfASingleElement.intercept(InterceptorOfASingleElement.java:60)
at io.appium.java_client.android.AndroidElement$$EnhancerByCGLIB$$b598166c.isDisplayed(<generated>)
at org.openqa.selenium.support.ui.ExpectedConditions.elementIfVisible(ExpectedConditions.java:314)
at org.openqa.selenium.support.ui.ExpectedConditions.access$000(ExpectedConditions.java:43)
at org.openqa.selenium.support.ui.ExpectedConditions$10.apply(ExpectedConditions.java:300)
at org.openqa.selenium.support.ui.ExpectedConditions$10.apply(ExpectedConditions.java:297)
at org.openqa.selenium.support.ui.FluentWait.until(FluentWait.java:249)
... 27 more
Caused by: org.openqa.selenium.TimeoutException: Expected condition failed: waiting for io.appium.java_client.pagefactory.AppiumElementLocator$WaitingFunction@33f17289 (tried for 1 second(s) with 500 milliseconds interval)
at org.openqa.selenium.support.ui.FluentWait.timeoutException(FluentWait.java:304)
at org.openqa.selenium.support.ui.FluentWait.until(FluentWait.java:272)
at io.appium.java_client.pagefactory.AppiumElementLocator.waitFor(AppiumElementLocator.java:99)
at io.appium.java_client.pagefactory.AppiumElementLocator.findElement(AppiumElementLocator.java:119)
... 34 more
Caused by: org.openqa.selenium.NoSuchElementException: Cannot locate an element using By.chained({By.xpath: //android.widget.ImageView[@resource-id='in.AajTak.headlines:id/fab_india_today']})
For documentation on this error, please visit: https://www.seleniumhq.org/exceptions/no_such_element.html
Build info: version: '3.141.59', revision: 'e82be7d358', time: '2018-11-14T08:17:03'
System info: host: 'TYSS-GOWTHAM', ip: '192.168.0.104', os.name: 'Windows 11', os.arch: 'amd64', os.version: '10.0', java.version: '11.0.14.1'
Driver info: driver.version: AndroidDriver
at io.appium.java_client.pagefactory.bys.builder.ByChained.findElement(ByChained.java:74)
at org.openqa.selenium.remote.RemoteWebDriver.findElement(RemoteWebDriver.java:315)
at io.appium.java_client.DefaultGenericMobileDriver.findElement(DefaultGenericMobileDriver.java:58)
at io.appium.java_client.AppiumDriver.findElement(AppiumDriver.java:1)
at io.appium.java_client.android.AndroidDriver.findElement(AndroidDriver.java:1)
at io.appium.java_client.pagefactory.bys.ContentMappedBy.findElement(ContentMappedBy.java:50)
at org.openqa.selenium.remote.RemoteWebDriver.findElement(RemoteWebDriver.java:315)
at io.appium.java_client.DefaultGenericMobileDriver.findElement(DefaultGenericMobileDriver.java:58)
at io.appium.java_client.AppiumDriver.findElement(AppiumDriver.java:1)
at io.appium.java_client.android.AndroidDriver.findElement(AndroidDriver.java:1)
at io.appium.java_client.pagefactory.AppiumElementLocator.lambda$0(AppiumElementLocator.java:120)
at io.appium.java_client.pagefactory.AppiumElementLocator$WaitingFunction.apply(AppiumElementLocator.java:172)
at io.appium.java_client.pagefactory.AppiumElementLocator$WaitingFunction.apply(AppiumElementLocator.java:1)
at org.openqa.selenium.support.ui.FluentWait.until(FluentWait.java:249)
... 36 more
... Removed 25 stack frames]]>
    </failure>
  </testcase> <!-- AT_BNB_019 -->
  <testcase classname="com.aajtak.android.Photo.TC_AT_Photo_001" name="AT_Photo_001" time="63.849">
    <failure type="java.lang.AssertionError" message=" The element is not Present : FAILED">
      <![CDATA[java.lang.AssertionError:  The element is not Present : FAILED
at com.aajtak.android.init.BaseUtil.isElementExist(BaseUtil.java:371)
at com.aajtak.android.Photo.TC_AT_Photo_001.AT_Photo_001(TC_AT_Photo_001.java:21)
... Removed 26 stack frames]]>
    </failure>
  </testcase> <!-- AT_Photo_001 -->
  <testcase classname="com.aajtak.android.Photo.TC_AT_Photo_002" name="AT_Photo_002" time="40.254">
    <failure type="org.openqa.selenium.TimeoutException" message="Expected condition failed: waiting for visibility of Located by By.chained({By.id: in.AajTak.headlines:id/hamburgur_icon}) (tried for 10 second(s) with 500 milliseconds interval)">
      <![CDATA[org.openqa.selenium.TimeoutException: Expected condition failed: waiting for visibility of Located by By.chained({By.id: in.AajTak.headlines:id/hamburgur_icon}) (tried for 10 second(s) with 500 milliseconds interval)
at org.openqa.selenium.support.ui.WebDriverWait.timeoutException(WebDriverWait.java:95)
at org.openqa.selenium.support.ui.FluentWait.until(FluentWait.java:272)
at com.aajtak.android.init.BaseUtil.waitTillElementPresent(BaseUtil.java:339)
at com.aajtak.android.Photo.TC_AT_Photo_002.AT_Photo_002(TC_AT_Photo_002.java:23)
Caused by: org.openqa.selenium.NoSuchElementException: Can't locate an element by this strategy: By.chained({By.id: in.AajTak.headlines:id/hamburgur_icon})
at io.appium.java_client.pagefactory.AppiumElementLocator.findElement(AppiumElementLocator.java:126)
at io.appium.java_client.pagefactory.interceptors.InterceptorOfASingleElement.intercept(InterceptorOfASingleElement.java:60)
at io.appium.java_client.android.AndroidElement$$EnhancerByCGLIB$$b598166c.isDisplayed(<generated>)
at org.openqa.selenium.support.ui.ExpectedConditions.elementIfVisible(ExpectedConditions.java:314)
at org.openqa.selenium.support.ui.ExpectedConditions.access$000(ExpectedConditions.java:43)
at org.openqa.selenium.support.ui.ExpectedConditions$10.apply(ExpectedConditions.java:300)
at org.openqa.selenium.support.ui.ExpectedConditions$10.apply(ExpectedConditions.java:297)
at org.openqa.selenium.support.ui.FluentWait.until(FluentWait.java:249)
... 27 more
Caused by: org.openqa.selenium.TimeoutException: Expected condition failed: waiting for io.appium.java_client.pagefactory.AppiumElementLocator$WaitingFunction@52454457 (tried for 1 second(s) with 500 milliseconds interval)
at org.openqa.selenium.support.ui.FluentWait.timeoutException(FluentWait.java:304)
at org.openqa.selenium.support.ui.FluentWait.until(FluentWait.java:272)
at io.appium.java_client.pagefactory.AppiumElementLocator.waitFor(AppiumElementLocator.java:99)
at io.appium.java_client.pagefactory.AppiumElementLocator.findElement(AppiumElementLocator.java:119)
... 34 more
Caused by: org.openqa.selenium.NoSuchElementException: Cannot locate an element using By.chained({By.id: in.AajTak.headlines:id/hamburgur_icon})
For documentation on this error, please visit: https://www.seleniumhq.org/exceptions/no_such_element.html
Build info: version: '3.141.59', revision: 'e82be7d358', time: '2018-11-14T08:17:03'
System info: host: 'TYSS-GOWTHAM', ip: '192.168.0.104', os.name: 'Windows 11', os.arch: 'amd64', os.version: '10.0', java.version: '11.0.14.1'
Driver info: driver.version: AndroidDriver
at io.appium.java_client.pagefactory.bys.builder.ByChained.findElement(ByChained.java:74)
at org.openqa.selenium.remote.RemoteWebDriver.findElement(RemoteWebDriver.java:315)
at io.appium.java_client.DefaultGenericMobileDriver.findElement(DefaultGenericMobileDriver.java:58)
at io.appium.java_client.AppiumDriver.findElement(AppiumDriver.java:1)
at io.appium.java_client.android.AndroidDriver.findElement(AndroidDriver.java:1)
at io.appium.java_client.pagefactory.bys.ContentMappedBy.findElement(ContentMappedBy.java:50)
at org.openqa.selenium.remote.RemoteWebDriver.findElement(RemoteWebDriver.java:315)
at io.appium.java_client.DefaultGenericMobileDriver.findElement(DefaultGenericMobileDriver.java:58)
at io.appium.java_client.AppiumDriver.findElement(AppiumDriver.java:1)
at io.appium.java_client.android.AndroidDriver.findElement(AndroidDriver.java:1)
at io.appium.java_client.pagefactory.AppiumElementLocator.lambda$0(AppiumElementLocator.java:120)
at io.appium.java_client.pagefactory.AppiumElementLocator$WaitingFunction.apply(AppiumElementLocator.java:172)
at io.appium.java_client.pagefactory.AppiumElementLocator$WaitingFunction.apply(AppiumElementLocator.java:1)
at org.openqa.selenium.support.ui.FluentWait.until(FluentWait.java:249)
... 36 more
... Removed 25 stack frames]]>
    </failure>
  </testcase> <!-- AT_Photo_002 -->
  <testcase classname="com.aajtak.android.Photo.TC_AT_Photo_003" name="AT_Photo_003" time="39.807">
    <failure type="org.openqa.selenium.TimeoutException" message="Expected condition failed: waiting for element to be clickable: Located by By.chained({By.xpath: //android.widget.HorizontalScrollView//android.widget.LinearLayout//androidx.appcompat.app.ActionBar.Tab[@index=2]//android.widget.TextView[@resource-id=&amp;apos;in.AajTak.headlines:id/tv_tab&amp;apos;]}) (tried for 10 second(s) with 500 milliseconds interval)">
      <![CDATA[org.openqa.selenium.TimeoutException: Expected condition failed: waiting for element to be clickable: Located by By.chained({By.xpath: //android.widget.HorizontalScrollView//android.widget.LinearLayout//androidx.appcompat.app.ActionBar.Tab[@index=2]//android.widget.TextView[@resource-id='in.AajTak.headlines:id/tv_tab']}) (tried for 10 second(s) with 500 milliseconds interval)
at org.openqa.selenium.support.ui.WebDriverWait.timeoutException(WebDriverWait.java:95)
at org.openqa.selenium.support.ui.FluentWait.until(FluentWait.java:272)
at com.aajtak.android.init.BaseUtil.waituntilnewElementtobeClickable(BaseUtil.java:345)
at com.aajtak.android.Photo.TC_AT_Photo_003.AT_Photo_003(TC_AT_Photo_003.java:22)
Caused by: org.openqa.selenium.NoSuchElementException: Can't locate an element by this strategy: By.chained({By.xpath: //android.widget.HorizontalScrollView//android.widget.LinearLayout//androidx.appcompat.app.ActionBar.Tab[@index=2]//android.widget.TextView[@resource-id='in.AajTak.headlines:id/tv_tab']})
at io.appium.java_client.pagefactory.AppiumElementLocator.findElement(AppiumElementLocator.java:126)
at io.appium.java_client.pagefactory.interceptors.InterceptorOfASingleElement.intercept(InterceptorOfASingleElement.java:60)
at io.appium.java_client.android.AndroidElement$$EnhancerByCGLIB$$b598166c.isDisplayed(<generated>)
at org.openqa.selenium.support.ui.ExpectedConditions.elementIfVisible(ExpectedConditions.java:314)
at org.openqa.selenium.support.ui.ExpectedConditions.access$000(ExpectedConditions.java:43)
at org.openqa.selenium.support.ui.ExpectedConditions$10.apply(ExpectedConditions.java:300)
at org.openqa.selenium.support.ui.ExpectedConditions$10.apply(ExpectedConditions.java:297)
at org.openqa.selenium.support.ui.ExpectedConditions$23.apply(ExpectedConditions.java:670)
at org.openqa.selenium.support.ui.ExpectedConditions$23.apply(ExpectedConditions.java:666)
at org.openqa.selenium.support.ui.FluentWait.until(FluentWait.java:249)
... 27 more
Caused by: org.openqa.selenium.TimeoutException: Expected condition failed: waiting for io.appium.java_client.pagefactory.AppiumElementLocator$WaitingFunction@23c767e6 (tried for 1 second(s) with 500 milliseconds interval)
at org.openqa.selenium.support.ui.FluentWait.timeoutException(FluentWait.java:304)
at org.openqa.selenium.support.ui.FluentWait.until(FluentWait.java:272)
at io.appium.java_client.pagefactory.AppiumElementLocator.waitFor(AppiumElementLocator.java:99)
at io.appium.java_client.pagefactory.AppiumElementLocator.findElement(AppiumElementLocator.java:119)
... 36 more
Caused by: org.openqa.selenium.NoSuchElementException: Cannot locate an element using By.chained({By.xpath: //android.widget.HorizontalScrollView//android.widget.LinearLayout//androidx.appcompat.app.ActionBar.Tab[@index=2]//android.widget.TextView[@resource-id='in.AajTak.headlines:id/tv_tab']})
For documentation on this error, please visit: https://www.seleniumhq.org/exceptions/no_such_element.html
Build info: version: '3.141.59', revision: 'e82be7d358', time: '2018-11-14T08:17:03'
System info: host: 'TYSS-GOWTHAM', ip: '192.168.0.104', os.name: 'Windows 11', os.arch: 'amd64', os.version: '10.0', java.version: '11.0.14.1'
Driver info: driver.version: AndroidDriver
at io.appium.java_client.pagefactory.bys.builder.ByChained.findElement(ByChained.java:74)
at org.openqa.selenium.remote.RemoteWebDriver.findElement(RemoteWebDriver.java:315)
at io.appium.java_client.DefaultGenericMobileDriver.findElement(DefaultGenericMobileDriver.java:58)
at io.appium.java_client.AppiumDriver.findElement(AppiumDriver.java:1)
at io.appium.java_client.android.AndroidDriver.findElement(AndroidDriver.java:1)
at io.appium.java_client.pagefactory.bys.ContentMappedBy.findElement(ContentMappedBy.java:50)
at org.openqa.selenium.remote.RemoteWebDriver.findElement(RemoteWebDriver.java:315)
at io.appium.java_client.DefaultGenericMobileDriver.findElement(DefaultGenericMobileDriver.java:58)
at io.appium.java_client.AppiumDriver.findElement(AppiumDriver.java:1)
at io.appium.java_client.android.AndroidDriver.findElement(AndroidDriver.java:1)
at io.appium.java_client.pagefactory.AppiumElementLocator.lambda$0(AppiumElementLocator.java:120)
at io.appium.java_client.pagefactory.AppiumElementLocator$WaitingFunction.apply(AppiumElementLocator.java:172)
at io.appium.java_client.pagefactory.AppiumElementLocator$WaitingFunction.apply(AppiumElementLocator.java:1)
at org.openqa.selenium.support.ui.FluentWait.until(FluentWait.java:249)
... 38 more
... Removed 25 stack frames]]>
    </failure>
  </testcase> <!-- AT_Photo_003 -->
  <testcase classname="com.aajtak.android.Photo.TC_AT_Photo_004" name="AT_Photo_004" time="39.986">
    <failure type="org.openqa.selenium.TimeoutException" message="Expected condition failed: waiting for element to be clickable: Located by By.chained({By.xpath: //android.widget.HorizontalScrollView//android.widget.LinearLayout//androidx.appcompat.app.ActionBar.Tab[@index=2]//android.widget.TextView[@resource-id=&amp;apos;in.AajTak.headlines:id/tv_tab&amp;apos;]}) (tried for 10 second(s) with 500 milliseconds interval)">
      <![CDATA[org.openqa.selenium.TimeoutException: Expected condition failed: waiting for element to be clickable: Located by By.chained({By.xpath: //android.widget.HorizontalScrollView//android.widget.LinearLayout//androidx.appcompat.app.ActionBar.Tab[@index=2]//android.widget.TextView[@resource-id='in.AajTak.headlines:id/tv_tab']}) (tried for 10 second(s) with 500 milliseconds interval)
at org.openqa.selenium.support.ui.WebDriverWait.timeoutException(WebDriverWait.java:95)
at org.openqa.selenium.support.ui.FluentWait.until(FluentWait.java:272)
at com.aajtak.android.init.BaseUtil.waituntilnewElementtobeClickable(BaseUtil.java:345)
at com.aajtak.android.Photo.TC_AT_Photo_004.AT_Photo_004(TC_AT_Photo_004.java:23)
Caused by: org.openqa.selenium.NoSuchElementException: Can't locate an element by this strategy: By.chained({By.xpath: //android.widget.HorizontalScrollView//android.widget.LinearLayout//androidx.appcompat.app.ActionBar.Tab[@index=2]//android.widget.TextView[@resource-id='in.AajTak.headlines:id/tv_tab']})
at io.appium.java_client.pagefactory.AppiumElementLocator.findElement(AppiumElementLocator.java:126)
at io.appium.java_client.pagefactory.interceptors.InterceptorOfASingleElement.intercept(InterceptorOfASingleElement.java:60)
at io.appium.java_client.android.AndroidElement$$EnhancerByCGLIB$$b598166c.isDisplayed(<generated>)
at org.openqa.selenium.support.ui.ExpectedConditions.elementIfVisible(ExpectedConditions.java:314)
at org.openqa.selenium.support.ui.ExpectedConditions.access$000(ExpectedConditions.java:43)
at org.openqa.selenium.support.ui.ExpectedConditions$10.apply(ExpectedConditions.java:300)
at org.openqa.selenium.support.ui.ExpectedConditions$10.apply(ExpectedConditions.java:297)
at org.openqa.selenium.support.ui.ExpectedConditions$23.apply(ExpectedConditions.java:670)
at org.openqa.selenium.support.ui.ExpectedConditions$23.apply(ExpectedConditions.java:666)
at org.openqa.selenium.support.ui.FluentWait.until(FluentWait.java:249)
... 27 more
Caused by: org.openqa.selenium.TimeoutException: Expected condition failed: waiting for io.appium.java_client.pagefactory.AppiumElementLocator$WaitingFunction@51c65a43 (tried for 1 second(s) with 500 milliseconds interval)
at org.openqa.selenium.support.ui.FluentWait.timeoutException(FluentWait.java:304)
at org.openqa.selenium.support.ui.FluentWait.until(FluentWait.java:272)
at io.appium.java_client.pagefactory.AppiumElementLocator.waitFor(AppiumElementLocator.java:99)
at io.appium.java_client.pagefactory.AppiumElementLocator.findElement(AppiumElementLocator.java:119)
... 36 more
Caused by: org.openqa.selenium.NoSuchElementException: Cannot locate an element using By.chained({By.xpath: //android.widget.HorizontalScrollView//android.widget.LinearLayout//androidx.appcompat.app.ActionBar.Tab[@index=2]//android.widget.TextView[@resource-id='in.AajTak.headlines:id/tv_tab']})
For documentation on this error, please visit: https://www.seleniumhq.org/exceptions/no_such_element.html
Build info: version: '3.141.59', revision: 'e82be7d358', time: '2018-11-14T08:17:03'
System info: host: 'TYSS-GOWTHAM', ip: '192.168.0.104', os.name: 'Windows 11', os.arch: 'amd64', os.version: '10.0', java.version: '11.0.14.1'
Driver info: driver.version: AndroidDriver
at io.appium.java_client.pagefactory.bys.builder.ByChained.findElement(ByChained.java:74)
at org.openqa.selenium.remote.RemoteWebDriver.findElement(RemoteWebDriver.java:315)
at io.appium.java_client.DefaultGenericMobileDriver.findElement(DefaultGenericMobileDriver.java:58)
at io.appium.java_client.AppiumDriver.findElement(AppiumDriver.java:1)
at io.appium.java_client.android.AndroidDriver.findElement(AndroidDriver.java:1)
at io.appium.java_client.pagefactory.bys.ContentMappedBy.findElement(ContentMappedBy.java:50)
at org.openqa.selenium.remote.RemoteWebDriver.findElement(RemoteWebDriver.java:315)
at io.appium.java_client.DefaultGenericMobileDriver.findElement(DefaultGenericMobileDriver.java:58)
at io.appium.java_client.AppiumDriver.findElement(AppiumDriver.java:1)
at io.appium.java_client.android.AndroidDriver.findElement(AndroidDriver.java:1)
at io.appium.java_client.pagefactory.AppiumElementLocator.lambda$0(AppiumElementLocator.java:120)
at io.appium.java_client.pagefactory.AppiumElementLocator$WaitingFunction.apply(AppiumElementLocator.java:172)
at io.appium.java_client.pagefactory.AppiumElementLocator$WaitingFunction.apply(AppiumElementLocator.java:1)
at org.openqa.selenium.support.ui.FluentWait.until(FluentWait.java:249)
... 38 more
... Removed 25 stack frames]]>
    </failure>
  </testcase> <!-- AT_Photo_004 -->
  <testcase classname="com.aajtak.android.Photo.TC_AT_Photo_005" name="AT_Photo_005" time="40.181">
    <failure type="org.openqa.selenium.TimeoutException" message="Expected condition failed: waiting for element to be clickable: Located by By.chained({By.xpath: //android.widget.HorizontalScrollView//android.widget.LinearLayout//androidx.appcompat.app.ActionBar.Tab[@index=2]//android.widget.TextView[@resource-id=&amp;apos;in.AajTak.headlines:id/tv_tab&amp;apos;]}) (tried for 10 second(s) with 500 milliseconds interval)">
      <![CDATA[org.openqa.selenium.TimeoutException: Expected condition failed: waiting for element to be clickable: Located by By.chained({By.xpath: //android.widget.HorizontalScrollView//android.widget.LinearLayout//androidx.appcompat.app.ActionBar.Tab[@index=2]//android.widget.TextView[@resource-id='in.AajTak.headlines:id/tv_tab']}) (tried for 10 second(s) with 500 milliseconds interval)
at org.openqa.selenium.support.ui.WebDriverWait.timeoutException(WebDriverWait.java:95)
at org.openqa.selenium.support.ui.FluentWait.until(FluentWait.java:272)
at com.aajtak.android.init.BaseUtil.waituntilnewElementtobeClickable(BaseUtil.java:345)
at com.aajtak.android.Photo.TC_AT_Photo_005.AT_Photo_005(TC_AT_Photo_005.java:22)
Caused by: org.openqa.selenium.NoSuchElementException: Can't locate an element by this strategy: By.chained({By.xpath: //android.widget.HorizontalScrollView//android.widget.LinearLayout//androidx.appcompat.app.ActionBar.Tab[@index=2]//android.widget.TextView[@resource-id='in.AajTak.headlines:id/tv_tab']})
at io.appium.java_client.pagefactory.AppiumElementLocator.findElement(AppiumElementLocator.java:126)
at io.appium.java_client.pagefactory.interceptors.InterceptorOfASingleElement.intercept(InterceptorOfASingleElement.java:60)
at io.appium.java_client.android.AndroidElement$$EnhancerByCGLIB$$b598166c.isDisplayed(<generated>)
at org.openqa.selenium.support.ui.ExpectedConditions.elementIfVisible(ExpectedConditions.java:314)
at org.openqa.selenium.support.ui.ExpectedConditions.access$000(ExpectedConditions.java:43)
at org.openqa.selenium.support.ui.ExpectedConditions$10.apply(ExpectedConditions.java:300)
at org.openqa.selenium.support.ui.ExpectedConditions$10.apply(ExpectedConditions.java:297)
at org.openqa.selenium.support.ui.ExpectedConditions$23.apply(ExpectedConditions.java:670)
at org.openqa.selenium.support.ui.ExpectedConditions$23.apply(ExpectedConditions.java:666)
at org.openqa.selenium.support.ui.FluentWait.until(FluentWait.java:249)
... 27 more
Caused by: org.openqa.selenium.TimeoutException: Expected condition failed: waiting for io.appium.java_client.pagefactory.AppiumElementLocator$WaitingFunction@1f10fec6 (tried for 1 second(s) with 500 milliseconds interval)
at org.openqa.selenium.support.ui.FluentWait.timeoutException(FluentWait.java:304)
at org.openqa.selenium.support.ui.FluentWait.until(FluentWait.java:272)
at io.appium.java_client.pagefactory.AppiumElementLocator.waitFor(AppiumElementLocator.java:99)
at io.appium.java_client.pagefactory.AppiumElementLocator.findElement(AppiumElementLocator.java:119)
... 36 more
Caused by: org.openqa.selenium.NoSuchElementException: Cannot locate an element using By.chained({By.xpath: //android.widget.HorizontalScrollView//android.widget.LinearLayout//androidx.appcompat.app.ActionBar.Tab[@index=2]//android.widget.TextView[@resource-id='in.AajTak.headlines:id/tv_tab']})
For documentation on this error, please visit: https://www.seleniumhq.org/exceptions/no_such_element.html
Build info: version: '3.141.59', revision: 'e82be7d358', time: '2018-11-14T08:17:03'
System info: host: 'TYSS-GOWTHAM', ip: '192.168.0.104', os.name: 'Windows 11', os.arch: 'amd64', os.version: '10.0', java.version: '11.0.14.1'
Driver info: driver.version: AndroidDriver
at io.appium.java_client.pagefactory.bys.builder.ByChained.findElement(ByChained.java:74)
at org.openqa.selenium.remote.RemoteWebDriver.findElement(RemoteWebDriver.java:315)
at io.appium.java_client.DefaultGenericMobileDriver.findElement(DefaultGenericMobileDriver.java:58)
at io.appium.java_client.AppiumDriver.findElement(AppiumDriver.java:1)
at io.appium.java_client.android.AndroidDriver.findElement(AndroidDriver.java:1)
at io.appium.java_client.pagefactory.bys.ContentMappedBy.findElement(ContentMappedBy.java:50)
at org.openqa.selenium.remote.RemoteWebDriver.findElement(RemoteWebDriver.java:315)
at io.appium.java_client.DefaultGenericMobileDriver.findElement(DefaultGenericMobileDriver.java:58)
at io.appium.java_client.AppiumDriver.findElement(AppiumDriver.java:1)
at io.appium.java_client.android.AndroidDriver.findElement(AndroidDriver.java:1)
at io.appium.java_client.pagefactory.AppiumElementLocator.lambda$0(AppiumElementLocator.java:120)
at io.appium.java_client.pagefactory.AppiumElementLocator$WaitingFunction.apply(AppiumElementLocator.java:172)
at io.appium.java_client.pagefactory.AppiumElementLocator$WaitingFunction.apply(AppiumElementLocator.java:1)
at org.openqa.selenium.support.ui.FluentWait.until(FluentWait.java:249)
... 38 more
... Removed 25 stack frames]]>
    </failure>
  </testcase> <!-- AT_Photo_005 -->
  <testcase classname="com.aajtak.android.Photo.TC_AT_Photo_006" name="AT_Photo_006" time="39.77">
    <failure type="org.openqa.selenium.TimeoutException" message="Expected condition failed: waiting for element to be clickable: Located by By.chained({By.xpath: //android.widget.HorizontalScrollView//android.widget.LinearLayout//androidx.appcompat.app.ActionBar.Tab[@index=2]//android.widget.TextView[@resource-id=&amp;apos;in.AajTak.headlines:id/tv_tab&amp;apos;]}) (tried for 10 second(s) with 500 milliseconds interval)">
      <![CDATA[org.openqa.selenium.TimeoutException: Expected condition failed: waiting for element to be clickable: Located by By.chained({By.xpath: //android.widget.HorizontalScrollView//android.widget.LinearLayout//androidx.appcompat.app.ActionBar.Tab[@index=2]//android.widget.TextView[@resource-id='in.AajTak.headlines:id/tv_tab']}) (tried for 10 second(s) with 500 milliseconds interval)
at org.openqa.selenium.support.ui.WebDriverWait.timeoutException(WebDriverWait.java:95)
at org.openqa.selenium.support.ui.FluentWait.until(FluentWait.java:272)
at com.aajtak.android.init.BaseUtil.waituntilnewElementtobeClickable(BaseUtil.java:345)
at com.aajtak.android.Photo.TC_AT_Photo_006.AT_Photo_006(TC_AT_Photo_006.java:23)
Caused by: org.openqa.selenium.NoSuchElementException: Can't locate an element by this strategy: By.chained({By.xpath: //android.widget.HorizontalScrollView//android.widget.LinearLayout//androidx.appcompat.app.ActionBar.Tab[@index=2]//android.widget.TextView[@resource-id='in.AajTak.headlines:id/tv_tab']})
at io.appium.java_client.pagefactory.AppiumElementLocator.findElement(AppiumElementLocator.java:126)
at io.appium.java_client.pagefactory.interceptors.InterceptorOfASingleElement.intercept(InterceptorOfASingleElement.java:60)
at io.appium.java_client.android.AndroidElement$$EnhancerByCGLIB$$b598166c.isDisplayed(<generated>)
at org.openqa.selenium.support.ui.ExpectedConditions.elementIfVisible(ExpectedConditions.java:314)
at org.openqa.selenium.support.ui.ExpectedConditions.access$000(ExpectedConditions.java:43)
at org.openqa.selenium.support.ui.ExpectedConditions$10.apply(ExpectedConditions.java:300)
at org.openqa.selenium.support.ui.ExpectedConditions$10.apply(ExpectedConditions.java:297)
at org.openqa.selenium.support.ui.ExpectedConditions$23.apply(ExpectedConditions.java:670)
at org.openqa.selenium.support.ui.ExpectedConditions$23.apply(ExpectedConditions.java:666)
at org.openqa.selenium.support.ui.FluentWait.until(FluentWait.java:249)
... 27 more
Caused by: org.openqa.selenium.TimeoutException: Expected condition failed: waiting for io.appium.java_client.pagefactory.AppiumElementLocator$WaitingFunction@67e0fd6d (tried for 1 second(s) with 500 milliseconds interval)
at org.openqa.selenium.support.ui.FluentWait.timeoutException(FluentWait.java:304)
at org.openqa.selenium.support.ui.FluentWait.until(FluentWait.java:272)
at io.appium.java_client.pagefactory.AppiumElementLocator.waitFor(AppiumElementLocator.java:99)
at io.appium.java_client.pagefactory.AppiumElementLocator.findElement(AppiumElementLocator.java:119)
... 36 more
Caused by: org.openqa.selenium.NoSuchElementException: Cannot locate an element using By.chained({By.xpath: //android.widget.HorizontalScrollView//android.widget.LinearLayout//androidx.appcompat.app.ActionBar.Tab[@index=2]//android.widget.TextView[@resource-id='in.AajTak.headlines:id/tv_tab']})
For documentation on this error, please visit: https://www.seleniumhq.org/exceptions/no_such_element.html
Build info: version: '3.141.59', revision: 'e82be7d358', time: '2018-11-14T08:17:03'
System info: host: 'TYSS-GOWTHAM', ip: '192.168.0.104', os.name: 'Windows 11', os.arch: 'amd64', os.version: '10.0', java.version: '11.0.14.1'
Driver info: driver.version: AndroidDriver
at io.appium.java_client.pagefactory.bys.builder.ByChained.findElement(ByChained.java:74)
at org.openqa.selenium.remote.RemoteWebDriver.findElement(RemoteWebDriver.java:315)
at io.appium.java_client.DefaultGenericMobileDriver.findElement(DefaultGenericMobileDriver.java:58)
at io.appium.java_client.AppiumDriver.findElement(AppiumDriver.java:1)
at io.appium.java_client.android.AndroidDriver.findElement(AndroidDriver.java:1)
at io.appium.java_client.pagefactory.bys.ContentMappedBy.findElement(ContentMappedBy.java:50)
at org.openqa.selenium.remote.RemoteWebDriver.findElement(RemoteWebDriver.java:315)
at io.appium.java_client.DefaultGenericMobileDriver.findElement(DefaultGenericMobileDriver.java:58)
at io.appium.java_client.AppiumDriver.findElement(AppiumDriver.java:1)
at io.appium.java_client.android.AndroidDriver.findElement(AndroidDriver.java:1)
at io.appium.java_client.pagefactory.AppiumElementLocator.lambda$0(AppiumElementLocator.java:120)
at io.appium.java_client.pagefactory.AppiumElementLocator$WaitingFunction.apply(AppiumElementLocator.java:172)
at io.appium.java_client.pagefactory.AppiumElementLocator$WaitingFunction.apply(AppiumElementLocator.java:1)
at org.openqa.selenium.support.ui.FluentWait.until(FluentWait.java:249)
... 38 more
... Removed 25 stack frames]]>
    </failure>
  </testcase> <!-- AT_Photo_006 -->
  <testcase classname="com.aajtak.android.Photo.TC_AT_Photo_007" name="AT_Photo_007" time="40.137">
    <failure type="org.openqa.selenium.TimeoutException" message="Expected condition failed: waiting for element to be clickable: Located by By.chained({By.xpath: //android.widget.HorizontalScrollView//android.widget.LinearLayout//androidx.appcompat.app.ActionBar.Tab[@index=2]//android.widget.TextView[@resource-id=&amp;apos;in.AajTak.headlines:id/tv_tab&amp;apos;]}) (tried for 10 second(s) with 500 milliseconds interval)">
      <![CDATA[org.openqa.selenium.TimeoutException: Expected condition failed: waiting for element to be clickable: Located by By.chained({By.xpath: //android.widget.HorizontalScrollView//android.widget.LinearLayout//androidx.appcompat.app.ActionBar.Tab[@index=2]//android.widget.TextView[@resource-id='in.AajTak.headlines:id/tv_tab']}) (tried for 10 second(s) with 500 milliseconds interval)
at org.openqa.selenium.support.ui.WebDriverWait.timeoutException(WebDriverWait.java:95)
at org.openqa.selenium.support.ui.FluentWait.until(FluentWait.java:272)
at com.aajtak.android.init.BaseUtil.waituntilnewElementtobeClickable(BaseUtil.java:345)
at com.aajtak.android.Photo.TC_AT_Photo_007.AT_Photo_007(TC_AT_Photo_007.java:22)
Caused by: org.openqa.selenium.NoSuchElementException: Can't locate an element by this strategy: By.chained({By.xpath: //android.widget.HorizontalScrollView//android.widget.LinearLayout//androidx.appcompat.app.ActionBar.Tab[@index=2]//android.widget.TextView[@resource-id='in.AajTak.headlines:id/tv_tab']})
at io.appium.java_client.pagefactory.AppiumElementLocator.findElement(AppiumElementLocator.java:126)
at io.appium.java_client.pagefactory.interceptors.InterceptorOfASingleElement.intercept(InterceptorOfASingleElement.java:60)
at io.appium.java_client.android.AndroidElement$$EnhancerByCGLIB$$b598166c.isDisplayed(<generated>)
at org.openqa.selenium.support.ui.ExpectedConditions.elementIfVisible(ExpectedConditions.java:314)
at org.openqa.selenium.support.ui.ExpectedConditions.access$000(ExpectedConditions.java:43)
at org.openqa.selenium.support.ui.ExpectedConditions$10.apply(ExpectedConditions.java:300)
at org.openqa.selenium.support.ui.ExpectedConditions$10.apply(ExpectedConditions.java:297)
at org.openqa.selenium.support.ui.ExpectedConditions$23.apply(ExpectedConditions.java:670)
at org.openqa.selenium.support.ui.ExpectedConditions$23.apply(ExpectedConditions.java:666)
at org.openqa.selenium.support.ui.FluentWait.until(FluentWait.java:249)
... 27 more
Caused by: org.openqa.selenium.TimeoutException: Expected condition failed: waiting for io.appium.java_client.pagefactory.AppiumElementLocator$WaitingFunction@251d7fdd (tried for 1 second(s) with 500 milliseconds interval)
at org.openqa.selenium.support.ui.FluentWait.timeoutException(FluentWait.java:304)
at org.openqa.selenium.support.ui.FluentWait.until(FluentWait.java:272)
at io.appium.java_client.pagefactory.AppiumElementLocator.waitFor(AppiumElementLocator.java:99)
at io.appium.java_client.pagefactory.AppiumElementLocator.findElement(AppiumElementLocator.java:119)
... 36 more
Caused by: org.openqa.selenium.NoSuchElementException: Cannot locate an element using By.chained({By.xpath: //android.widget.HorizontalScrollView//android.widget.LinearLayout//androidx.appcompat.app.ActionBar.Tab[@index=2]//android.widget.TextView[@resource-id='in.AajTak.headlines:id/tv_tab']})
For documentation on this error, please visit: https://www.seleniumhq.org/exceptions/no_such_element.html
Build info: version: '3.141.59', revision: 'e82be7d358', time: '2018-11-14T08:17:03'
System info: host: 'TYSS-GOWTHAM', ip: '192.168.0.104', os.name: 'Windows 11', os.arch: 'amd64', os.version: '10.0', java.version: '11.0.14.1'
Driver info: driver.version: AndroidDriver
at io.appium.java_client.pagefactory.bys.builder.ByChained.findElement(ByChained.java:74)
at org.openqa.selenium.remote.RemoteWebDriver.findElement(RemoteWebDriver.java:315)
at io.appium.java_client.DefaultGenericMobileDriver.findElement(DefaultGenericMobileDriver.java:58)
at io.appium.java_client.AppiumDriver.findElement(AppiumDriver.java:1)
at io.appium.java_client.android.AndroidDriver.findElement(AndroidDriver.java:1)
at io.appium.java_client.pagefactory.bys.ContentMappedBy.findElement(ContentMappedBy.java:50)
at org.openqa.selenium.remote.RemoteWebDriver.findElement(RemoteWebDriver.java:315)
at io.appium.java_client.DefaultGenericMobileDriver.findElement(DefaultGenericMobileDriver.java:58)
at io.appium.java_client.AppiumDriver.findElement(AppiumDriver.java:1)
at io.appium.java_client.android.AndroidDriver.findElement(AndroidDriver.java:1)
at io.appium.java_client.pagefactory.AppiumElementLocator.lambda$0(AppiumElementLocator.java:120)
at io.appium.java_client.pagefactory.AppiumElementLocator$WaitingFunction.apply(AppiumElementLocator.java:172)
at io.appium.java_client.pagefactory.AppiumElementLocator$WaitingFunction.apply(AppiumElementLocator.java:1)
at org.openqa.selenium.support.ui.FluentWait.until(FluentWait.java:249)
... 38 more
... Removed 25 stack frames]]>
    </failure>
  </testcase> <!-- AT_Photo_007 -->
  <testcase classname="com.aajtak.android.Photo.TC_AT_Photo_008" name="AT_Photo_008" time="40.089">
    <failure type="org.openqa.selenium.TimeoutException" message="Expected condition failed: waiting for element to be clickable: Located by By.chained({By.xpath: //android.widget.HorizontalScrollView//android.widget.LinearLayout//androidx.appcompat.app.ActionBar.Tab[@index=2]//android.widget.TextView[@resource-id=&amp;apos;in.AajTak.headlines:id/tv_tab&amp;apos;]}) (tried for 10 second(s) with 500 milliseconds interval)">
      <![CDATA[org.openqa.selenium.TimeoutException: Expected condition failed: waiting for element to be clickable: Located by By.chained({By.xpath: //android.widget.HorizontalScrollView//android.widget.LinearLayout//androidx.appcompat.app.ActionBar.Tab[@index=2]//android.widget.TextView[@resource-id='in.AajTak.headlines:id/tv_tab']}) (tried for 10 second(s) with 500 milliseconds interval)
at org.openqa.selenium.support.ui.WebDriverWait.timeoutException(WebDriverWait.java:95)
at org.openqa.selenium.support.ui.FluentWait.until(FluentWait.java:272)
at com.aajtak.android.init.BaseUtil.waituntilnewElementtobeClickable(BaseUtil.java:345)
at com.aajtak.android.Photo.TC_AT_Photo_008.AT_Photo_008(TC_AT_Photo_008.java:21)
Caused by: org.openqa.selenium.NoSuchElementException: Can't locate an element by this strategy: By.chained({By.xpath: //android.widget.HorizontalScrollView//android.widget.LinearLayout//androidx.appcompat.app.ActionBar.Tab[@index=2]//android.widget.TextView[@resource-id='in.AajTak.headlines:id/tv_tab']})
at io.appium.java_client.pagefactory.AppiumElementLocator.findElement(AppiumElementLocator.java:126)
at io.appium.java_client.pagefactory.interceptors.InterceptorOfASingleElement.intercept(InterceptorOfASingleElement.java:60)
at io.appium.java_client.android.AndroidElement$$EnhancerByCGLIB$$b598166c.isDisplayed(<generated>)
at org.openqa.selenium.support.ui.ExpectedConditions.elementIfVisible(ExpectedConditions.java:314)
at org.openqa.selenium.support.ui.ExpectedConditions.access$000(ExpectedConditions.java:43)
at org.openqa.selenium.support.ui.ExpectedConditions$10.apply(ExpectedConditions.java:300)
at org.openqa.selenium.support.ui.ExpectedConditions$10.apply(ExpectedConditions.java:297)
at org.openqa.selenium.support.ui.ExpectedConditions$23.apply(ExpectedConditions.java:670)
at org.openqa.selenium.support.ui.ExpectedConditions$23.apply(ExpectedConditions.java:666)
at org.openqa.selenium.support.ui.FluentWait.until(FluentWait.java:249)
... 27 more
Caused by: org.openqa.selenium.TimeoutException: Expected condition failed: waiting for io.appium.java_client.pagefactory.AppiumElementLocator$WaitingFunction@11e9ac24 (tried for 1 second(s) with 500 milliseconds interval)
at org.openqa.selenium.support.ui.FluentWait.timeoutException(FluentWait.java:304)
at org.openqa.selenium.support.ui.FluentWait.until(FluentWait.java:272)
at io.appium.java_client.pagefactory.AppiumElementLocator.waitFor(AppiumElementLocator.java:99)
at io.appium.java_client.pagefactory.AppiumElementLocator.findElement(AppiumElementLocator.java:119)
... 36 more
Caused by: org.openqa.selenium.NoSuchElementException: Cannot locate an element using By.chained({By.xpath: //android.widget.HorizontalScrollView//android.widget.LinearLayout//androidx.appcompat.app.ActionBar.Tab[@index=2]//android.widget.TextView[@resource-id='in.AajTak.headlines:id/tv_tab']})
For documentation on this error, please visit: https://www.seleniumhq.org/exceptions/no_such_element.html
Build info: version: '3.141.59', revision: 'e82be7d358', time: '2018-11-14T08:17:03'
System info: host: 'TYSS-GOWTHAM', ip: '192.168.0.104', os.name: 'Windows 11', os.arch: 'amd64', os.version: '10.0', java.version: '11.0.14.1'
Driver info: driver.version: AndroidDriver
at io.appium.java_client.pagefactory.bys.builder.ByChained.findElement(ByChained.java:74)
at org.openqa.selenium.remote.RemoteWebDriver.findElement(RemoteWebDriver.java:315)
at io.appium.java_client.DefaultGenericMobileDriver.findElement(DefaultGenericMobileDriver.java:58)
at io.appium.java_client.AppiumDriver.findElement(AppiumDriver.java:1)
at io.appium.java_client.android.AndroidDriver.findElement(AndroidDriver.java:1)
at io.appium.java_client.pagefactory.bys.ContentMappedBy.findElement(ContentMappedBy.java:50)
at org.openqa.selenium.remote.RemoteWebDriver.findElement(RemoteWebDriver.java:315)
at io.appium.java_client.DefaultGenericMobileDriver.findElement(DefaultGenericMobileDriver.java:58)
at io.appium.java_client.AppiumDriver.findElement(AppiumDriver.java:1)
at io.appium.java_client.android.AndroidDriver.findElement(AndroidDriver.java:1)
at io.appium.java_client.pagefactory.AppiumElementLocator.lambda$0(AppiumElementLocator.java:120)
at io.appium.java_client.pagefactory.AppiumElementLocator$WaitingFunction.apply(AppiumElementLocator.java:172)
at io.appium.java_client.pagefactory.AppiumElementLocator$WaitingFunction.apply(AppiumElementLocator.java:1)
at org.openqa.selenium.support.ui.FluentWait.until(FluentWait.java:249)
... 38 more
... Removed 25 stack frames]]>
    </failure>
  </testcase> <!-- AT_Photo_008 -->
  <testcase classname="com.aajtak.android.Photo.TC_AT_Photo_009" name="AT_Photo_009" time="40.188">
    <failure type="org.openqa.selenium.TimeoutException" message="Expected condition failed: waiting for element to be clickable: Located by By.chained({By.xpath: //android.widget.HorizontalScrollView//android.widget.LinearLayout//androidx.appcompat.app.ActionBar.Tab[@index=2]//android.widget.TextView[@resource-id=&amp;apos;in.AajTak.headlines:id/tv_tab&amp;apos;]}) (tried for 10 second(s) with 500 milliseconds interval)">
      <![CDATA[org.openqa.selenium.TimeoutException: Expected condition failed: waiting for element to be clickable: Located by By.chained({By.xpath: //android.widget.HorizontalScrollView//android.widget.LinearLayout//androidx.appcompat.app.ActionBar.Tab[@index=2]//android.widget.TextView[@resource-id='in.AajTak.headlines:id/tv_tab']}) (tried for 10 second(s) with 500 milliseconds interval)
at org.openqa.selenium.support.ui.WebDriverWait.timeoutException(WebDriverWait.java:95)
at org.openqa.selenium.support.ui.FluentWait.until(FluentWait.java:272)
at com.aajtak.android.init.BaseUtil.waituntilnewElementtobeClickable(BaseUtil.java:345)
at com.aajtak.android.Photo.TC_AT_Photo_009.AT_Photo_009(TC_AT_Photo_009.java:22)
Caused by: org.openqa.selenium.NoSuchElementException: Can't locate an element by this strategy: By.chained({By.xpath: //android.widget.HorizontalScrollView//android.widget.LinearLayout//androidx.appcompat.app.ActionBar.Tab[@index=2]//android.widget.TextView[@resource-id='in.AajTak.headlines:id/tv_tab']})
at io.appium.java_client.pagefactory.AppiumElementLocator.findElement(AppiumElementLocator.java:126)
at io.appium.java_client.pagefactory.interceptors.InterceptorOfASingleElement.intercept(InterceptorOfASingleElement.java:60)
at io.appium.java_client.android.AndroidElement$$EnhancerByCGLIB$$b598166c.isDisplayed(<generated>)
at org.openqa.selenium.support.ui.ExpectedConditions.elementIfVisible(ExpectedConditions.java:314)
at org.openqa.selenium.support.ui.ExpectedConditions.access$000(ExpectedConditions.java:43)
at org.openqa.selenium.support.ui.ExpectedConditions$10.apply(ExpectedConditions.java:300)
at org.openqa.selenium.support.ui.ExpectedConditions$10.apply(ExpectedConditions.java:297)
at org.openqa.selenium.support.ui.ExpectedConditions$23.apply(ExpectedConditions.java:670)
at org.openqa.selenium.support.ui.ExpectedConditions$23.apply(ExpectedConditions.java:666)
at org.openqa.selenium.support.ui.FluentWait.until(FluentWait.java:249)
... 27 more
Caused by: org.openqa.selenium.TimeoutException: Expected condition failed: waiting for io.appium.java_client.pagefactory.AppiumElementLocator$WaitingFunction@57cabdc3 (tried for 1 second(s) with 500 milliseconds interval)
at org.openqa.selenium.support.ui.FluentWait.timeoutException(FluentWait.java:304)
at org.openqa.selenium.support.ui.FluentWait.until(FluentWait.java:272)
at io.appium.java_client.pagefactory.AppiumElementLocator.waitFor(AppiumElementLocator.java:99)
at io.appium.java_client.pagefactory.AppiumElementLocator.findElement(AppiumElementLocator.java:119)
... 36 more
Caused by: org.openqa.selenium.NoSuchElementException: Cannot locate an element using By.chained({By.xpath: //android.widget.HorizontalScrollView//android.widget.LinearLayout//androidx.appcompat.app.ActionBar.Tab[@index=2]//android.widget.TextView[@resource-id='in.AajTak.headlines:id/tv_tab']})
For documentation on this error, please visit: https://www.seleniumhq.org/exceptions/no_such_element.html
Build info: version: '3.141.59', revision: 'e82be7d358', time: '2018-11-14T08:17:03'
[...]
  <testcase classname="com.aajtak.android.init.AppiumService" name="@BeforeSuite startServer" time="0.0">
    <ignored/>
  </testcase> <!-- @BeforeSuite startServer -->
  <testcase classname="com.aajtak.android.init.AppiumService" name="@BeforeSuite startServer" time="0.0">
    <ignored/>
  </testcase> <!-- @BeforeSuite startServer -->
  <testcase classname="com.aajtak.android.init.AppiumService" name="@BeforeSuite startServer" time="0.0">
    <ignored/>
  </testcase> <!-- @BeforeSuite startServer -->
  <testcase classname="com.aajtak.android.init.AppiumService" name="@BeforeSuite startServer" time="0.0">
    <ignored/>
  </testcase> <!-- @BeforeSuite startServer -->
  <testcase classname="com.aajtak.android.init.AppiumService" name="@BeforeSuite startServer" time="0.0">
    <ignored/>
  </testcase> <!-- @BeforeSuite startServer -->
  <testcase classname="com.aajtak.android.init.AppiumService" name="@BeforeSuite startServer" time="0.0">
    <ignored/>
  </testcase> <!-- @BeforeSuite startServer -->
  <testcase classname="com.aajtak.android.init.AppiumService" name="@BeforeSuite startServer" time="0.0">
    <ignored/>
  </testcase> <!-- @BeforeSuite startServer -->
  <testcase classname="com.aajtak.android.init.AppiumService" name="@BeforeSuite startServer" time="0.0">
    <ignored/>
  </testcase> <!-- @BeforeSuite startServer -->
  <testcase classname="com.aajtak.android.init.AppiumService" name="@BeforeSuite startServer" time="0.0">
    <ignored/>
  </testcase> <!-- @BeforeSuite startServer -->
  <testcase classname="com.aajtak.android.init.AppiumService" name="@BeforeSuite startServer" time="0.0">
    <ignored/>
  </testcase> <!-- @BeforeSuite startServer -->
  <testcase classname="com.aajtak.android.init.AppiumService" name="@BeforeSuite startServer" time="0.0">
    <ignored/>
  </testcase> <!-- @BeforeSuite startServer -->
  <testcase classname="com.aajtak.android.init.AppiumService" name="@BeforeSuite startServer" time="0.0">
    <ignored/>
  </testcase> <!-- @BeforeSuite startServer -->
  <testcase classname="com.aajtak.android.init.AppiumService" name="@BeforeSuite startServer" time="0.0">
    <ignored/>
  </testcase> <!-- @BeforeSuite startServer -->
  <testcase classname="com.aajtak.android.init.AppiumService" name="@BeforeSuite startServer" time="0.0">
    <ignored/>
  </testcase> <!-- @BeforeSuite startServer -->
  <testcase classname="com.aajtak.android.init.AppiumService" name="@BeforeSuite startServer" time="0.0">
    <ignored/>
  </testcase> <!-- @BeforeSuite startServer -->
  <testcase classname="com.aajtak.android.init.AppiumService" name="@BeforeSuite startServer" time="0.0">
    <ignored/>
  </testcase> <!-- @BeforeSuite startServer -->
  <testcase classname="com.aajtak.android.init.AppiumService" name="@BeforeSuite startServer" time="0.0">
    <ignored/>
  </testcase> <!-- @BeforeSuite startServer -->
  <testcase classname="com.aajtak.android.init.AppiumService" name="@BeforeSuite startServer" time="0.0">
    <ignored/>
  </testcase> <!-- @BeforeSuite startServer -->
  <testcase classname="com.aajtak.android.init.AppiumService" name="@BeforeSuite startServer" time="0.0">
    <ignored/>
  </testcase> <!-- @BeforeSuite startServer -->
  <testcase classname="com.aajtak.android.init.AppiumService" name="@BeforeSuite startServer" time="0.0">
    <ignored/>
  </testcase> <!-- @BeforeSuite startServer -->
  <testcase classname="com.aajtak.android.init.AppiumService" name="@BeforeSuite startServer" time="0.0">
    <ignored/>
  </testcase> <!-- @BeforeSuite startServer -->
  <testcase classname="com.aajtak.android.init.AppiumService" name="@BeforeSuite startServer" time="0.0">
    <ignored/>
  </testcase> <!-- @BeforeSuite startServer -->
  <testcase classname="com.aajtak.android.init.AppiumService" name="@BeforeSuite startServer" time="0.0">
    <ignored/>
  </testcase> <!-- @BeforeSuite startServer -->
  <testcase classname="com.aajtak.android.init.AppiumService" name="@BeforeSuite startServer" time="0.0">
    <ignored/>
  </testcase> <!-- @BeforeSuite startServer -->
  <testcase classname="com.aajtak.android.init.AppiumService" name="@BeforeSuite startServer" time="0.0">
    <ignored/>
  </testcase> <!-- @BeforeSuite startServer -->
  <testcase classname="com.aajtak.android.init.AppiumService" name="@BeforeSuite startServer" time="0.0">
    <ignored/>
  </testcase> <!-- @BeforeSuite startServer -->
  <testcase classname="com.aajtak.android.init.AppiumService" name="@BeforeSuite startServer" time="0.0">
    <ignored/>
  </testcase> <!-- @BeforeSuite startServer -->
  <testcase classname="com.aajtak.android.init.AppiumService" name="@BeforeSuite startServer" time="0.0">
    <ignored/>
  </testcase> <!-- @BeforeSuite startServer -->
  <testcase classname="com.aajtak.android.init.AppiumService" name="@BeforeSuite startServer" time="0.0">
    <ignored/>
  </testcase> <!-- @BeforeSuite startServer -->
  <testcase classname="com.aajtak.android.init.AppiumService" name="@BeforeSuite startServer" time="0.0">
    <ignored/>
  </testcase> <!-- @BeforeSuite startServer -->
  <testcase classname="com.aajtak.android.init.AppiumService" name="@BeforeSuite startServer" time="0.0">
    <ignored/>
  </testcase> <!-- @BeforeSuite startServer -->
  <testcase classname="com.aajtak.android.init.AppiumService" name="@BeforeSuite startServer" time="0.0">
    <ignored/>
  </testcase> <!-- @BeforeSuite startServer -->
  <testcase classname="com.aajtak.android.init.AppiumService" name="@BeforeSuite startServer" time="0.0">
    <ignored/>
  </testcase> <!-- @BeforeSuite startServer -->
  <testcase classname="com.aajtak.android.init.AppiumService" name="@BeforeSuite startServer" time="0.0">
    <ignored/>
  </testcase> <!-- @BeforeSuite startServer -->
  <testcase classname="com.aajtak.android.init.AppiumService" name="@BeforeSuite startServer" time="0.0">
    <ignored/>
  </testcase> <!-- @BeforeSuite startServer -->
  <testcase classname="com.aajtak.android.init.AppiumService" name="@BeforeSuite startServer" time="0.0">
    <ignored/>
  </testcase> <!-- @BeforeSuite startServer -->
  <testcase classname="com.aajtak.android.init.AppiumService" name="@BeforeSuite startServer" time="0.0">
    <ignored/>
  </testcase> <!-- @BeforeSuite startServer -->
  <testcase classname="com.aajtak.android.init.AppiumService" name="@BeforeSuite startServer" time="0.0">
    <ignored/>
  </testcase> <!-- @BeforeSuite startServer -->
  <testcase classname="com.aajtak.android.init.AppiumService" name="@BeforeSuite startServer" time="0.0">
    <ignored/>
  </testcase> <!-- @BeforeSuite startServer -->
  <testcase classname="com.aajtak.android.init.AppiumService" name="@BeforeSuite startServer" time="0.0">
    <ignored/>
  </testcase> <!-- @BeforeSuite startServer -->
  <testcase classname="com.aajtak.android.init.AppiumService" name="@BeforeSuite startServer" time="0.0">
    <ignored/>
  </testcase> <!-- @BeforeSuite startServer -->
  <testcase classname="com.aajtak.android.init.AppiumService" name="@BeforeSuite startServer" time="0.0">
    <ignored/>
  </testcase> <!-- @BeforeSuite startServer -->
  <testcase classname="com.aajtak.android.init.AppiumService" name="@BeforeSuite startServer" time="0.0">
    <ignored/>
  </testcase> <!-- @BeforeSuite startServer -->
  <testcase classname="com.aajtak.android.init.AppiumService" name="@BeforeSuite startServer" time="0.0">
    <ignored/>
  </testcase> <!-- @BeforeSuite startServer -->
  <testcase classname="com.aajtak.android.init.AppiumService" name="@BeforeSuite startServer" time="0.0">
    <ignored/>
  </testcase> <!-- @BeforeSuite startServer -->
  <testcase classname="com.aajtak.android.init.AppiumService" name="@BeforeSuite startServer" time="0.0">
    <ignored/>
  </testcase> <!-- @BeforeSuite startServer -->
  <testcase classname="com.aajtak.android.init.AppiumService" name="@BeforeSuite startServer" time="0.0">
    <ignored/>
  </testcase> <!-- @BeforeSuite startServer -->
  <testcase classname="com.aajtak.android.init.AppiumService" name="@BeforeSuite startServer" time="0.0">
    <ignored/>
  </testcase> <!-- @BeforeSuite startServer -->
  <testcase classname="com.aajtak.android.init.AppiumService" name="@BeforeSuite startServer" time="0.0">
    <ignored/>
  </testcase> <!-- @BeforeSuite startServer -->
  <testcase classname="com.aajtak.android.init.AppiumService" name="@BeforeSuite startServer" time="0.0">
    <ignored/>
  </testcase> <!-- @BeforeSuite startServer -->
  <testcase classname="com.aajtak.android.init.AppiumService" name="@BeforeSuite startServer" time="0.0">
    <ignored/>
  </testcase> <!-- @BeforeSuite startServer -->
  <testcase classname="com.aajtak.android.init.AppiumService" name="@BeforeSuite startServer" time="0.0">
    <ignored/>
  </testcase> <!-- @BeforeSuite startServer -->
  <testcase classname="com.aajtak.android.init.AppiumService" name="@BeforeSuite startServer" time="0.0">
    <ignored/>
  </testcase> <!-- @BeforeSuite startServer -->
  <testcase classname="com.aajtak.android.init.AppiumService" name="@BeforeSuite startServer" time="0.0">
    <ignored/>
  </testcase> <!-- @BeforeSuite startServer -->
  <testcase classname="com.aajtak.android.init.AppiumService" name="@BeforeSuite startServer" time="0.0">
    <ignored/>
  </testcase> <!-- @BeforeSuite startServer -->
  <testcase classname="com.aajtak.android.init.AppiumService" name="@BeforeSuite startServer" time="0.0">
    <ignored/>
  </testcase> <!-- @BeforeSuite startServer -->
  <testcase classname="com.aajtak.android.init.AppiumService" name="@BeforeSuite startServer" time="0.0">
    <ignored/>
  </testcase> <!-- @BeforeSuite startServer -->
  <testcase classname="com.aajtak.android.init.AppiumService" name="@BeforeSuite startServer" time="0.0">
    <ignored/>
  </testcase> <!-- @BeforeSuite startServer -->
  <testcase classname="com.aajtak.android.init.AppiumService" name="@BeforeSuite startServer" time="0.0">
    <ignored/>
  </testcase> <!-- @BeforeSuite startServer -->
  <testcase classname="com.aajtak.android.init.AppiumService" name="@BeforeSuite startServer" time="0.0">
    <ignored/>
  </testcase> <!-- @BeforeSuite startServer -->
  <testcase classname="com.aajtak.android.init.AppiumService" name="@BeforeSuite startServer" time="0.0">
    <ignored/>
  </testcase> <!-- @BeforeSuite startServer -->
  <testcase classname="com.aajtak.android.init.AppiumService" name="@BeforeSuite startServer" time="0.0">
    <ignored/>
  </testcase> <!-- @BeforeSuite startServer -->
  <testcase classname="com.aajtak.android.init.AppiumService" name="@BeforeSuite startServer" time="0.0">
    <ignored/>
  </testcase> <!-- @BeforeSuite startServer -->
  <testcase classname="com.aajtak.android.init.AppiumService" name="@BeforeSuite startServer" time="0.0">
    <ignored/>
  </testcase> <!-- @BeforeSuite startServer -->
  <testcase classname="com.aajtak.android.init.AppiumService" name="@BeforeSuite startServer" time="0.0">
    <ignored/>
  </testcase> <!-- @BeforeSuite startServer -->
  <testcase classname="com.aajtak.android.init.AppiumService" name="@BeforeSuite startServer" time="0.0">
    <ignored/>
  </testcase> <!-- @BeforeSuite startServer -->
  <testcase classname="com.aajtak.android.init.AppiumService" name="@BeforeSuite startServer" time="0.0">
    <ignored/>
  </testcase> <!-- @BeforeSuite startServer -->
  <testcase classname="com.aajtak.android.init.AppiumService" name="@BeforeSuite startServer" time="0.0">
    <ignored/>
  </testcase> <!-- @BeforeSuite startServer -->
  <testcase classname="com.aajtak.android.init.AppiumService" name="@BeforeSuite startServer" time="0.0">
    <ignored/>
  </testcase> <!-- @BeforeSuite startServer -->
  <testcase classname="com.aajtak.android.init.AppiumService" name="@BeforeSuite startServer" time="0.0">
    <ignored/>
  </testcase> <!-- @BeforeSuite startServer -->
  <testcase classname="com.aajtak.android.init.AppiumService" name="@BeforeSuite startServer" time="0.0">
    <ignored/>
  </testcase> <!-- @BeforeSuite startServer -->
  <testcase classname="com.aajtak.android.init.AppiumService" name="@BeforeSuite startServer" time="0.0">
    <ignored/>
  </testcase> <!-- @BeforeSuite startServer -->
  <testcase classname="com.aajtak.android.init.AppiumService" name="@BeforeSuite startServer" time="0.0">
    <ignored/>
  </testcase> <!-- @BeforeSuite startServer -->
  <testcase classname="com.aajtak.android.init.AppiumService" name="@BeforeSuite startServer" time="0.0">
    <ignored/>
  </testcase> <!-- @BeforeSuite startServer -->
  <testcase classname="com.aajtak.android.init.AppiumService" name="@BeforeSuite startServer" time="0.0">
    <ignored/>
  </testcase> <!-- @BeforeSuite startServer -->
  <testcase classname="com.aajtak.android.init.AppiumService" name="@BeforeSuite startServer" time="0.0">
    <ignored/>
  </testcase> <!-- @BeforeSuite startServer -->
  <testcase classname="com.aajtak.android.init.AppiumService" name="@BeforeSuite startServer" time="0.0">
    <ignored/>
  </testcase> <!-- @BeforeSuite startServer -->
  <testcase classname="com.aajtak.android.init.AppiumService" name="@BeforeSuite startServer" time="0.0">
    <ignored/>
  </testcase> <!-- @BeforeSuite startServer -->
  <testcase classname="com.aajtak.android.init.AppiumService" name="@BeforeSuite startServer" time="0.0">
    <ignored/>
  </testcase> <!-- @BeforeSuite startServer -->
  <testcase classname="com.aajtak.android.init.AppiumService" name="@BeforeSuite startServer" time="0.0">
    <ignored/>
  </testcase> <!-- @BeforeSuite startServer -->
  <testcase classname="com.aajtak.android.init.AppiumService" name="@BeforeSuite startServer" time="0.0">
    <ignored/>
  </testcase> <!-- @BeforeSuite startServer -->
  <testcase classname="com.aajtak.android.init.AppiumService" name="@BeforeSuite startServer" time="0.0">
    <ignored/>
  </testcase> <!-- @BeforeSuite startServer -->
  <testcase classname="com.aajtak.android.init.AppiumService" name="@BeforeSuite startServer" time="0.0">
    <ignored/>
  </testcase> <!-- @BeforeSuite startServer -->
  <testcase classname="com.aajtak.android.init.AppiumService" name="@BeforeSuite startServer" time="0.0">
    <ignored/>
  </testcase> <!-- @BeforeSuite startServer -->
  <testcase classname="com.aajtak.android.init.AppiumService" name="@BeforeSuite startServer" time="0.0">
    <ignored/>
  </testcase> <!-- @BeforeSuite startServer -->
  <testcase classname="com.aajtak.android.init.AppiumService" name="@BeforeSuite startServer" time="0.0">
    <ignored/>
  </testcase> <!-- @BeforeSuite startServer -->
  <testcase classname="com.aajtak.android.init.AppiumService" name="@BeforeSuite startServer" time="0.0">
    <ignored/>
  </testcase> <!-- @BeforeSuite startServer -->
  <testcase classname="com.aajtak.android.init.AppiumService" name="@BeforeSuite startServer" time="0.0">
    <ignored/>
  </testcase> <!-- @BeforeSuite startServer -->
  <testcase classname="com.aajtak.android.init.AppiumService" name="@BeforeSuite startServer" time="0.0">
    <ignored/>
  </testcase> <!-- @BeforeSuite startServer -->
  <testcase classname="com.aajtak.android.init.AppiumService" name="@BeforeSuite startServer" time="0.0">
    <ignored/>
  </testcase> <!-- @BeforeSuite startServer -->
  <testcase classname="com.aajtak.android.init.AppiumService" name="@BeforeSuite startServer" time="0.0">
    <ignored/>
  </testcase> <!-- @BeforeSuite startServer -->
  <testcase classname="com.aajtak.android.init.AppiumService" name="@BeforeSuite startServer" time="0.0">
    <ignored/>
  </testcase> <!-- @BeforeSuite startServer -->
  <testcase classname="com.aajtak.android.init.AppiumService" name="@BeforeSuite startServer" time="0.0">
    <ignored/>
  </testcase> <!-- @BeforeSuite startServer -->
  <testcase classname="com.aajtak.android.init.AppiumService" name="@BeforeSuite startServer" time="0.0">
    <ignored/>
  </testcase> <!-- @BeforeSuite startServer -->
  <testcase classname="com.aajtak.android.init.AppiumService" name="@BeforeSuite startServer" time="0.0">
    <ignored/>
  </testcase> <!-- @BeforeSuite startServer -->
  <testcase classname="com.aajtak.android.init.AppiumService" name="@BeforeSuite startServer" time="0.0">
    <ignored/>
  </testcase> <!-- @BeforeSuite startServer -->
  <testcase classname="com.aajtak.android.init.AppiumService" name="@BeforeSuite startServer" time="0.0">
    <ignored/>
  </testcase> <!-- @BeforeSuite startServer -->
  <testcase classname="com.aajtak.android.init.AppiumService" name="@BeforeSuite startServer" time="0.0">
    <ignored/>
  </testcase> <!-- @BeforeSuite startServer -->
  <testcase classname="com.aajtak.android.init.AppiumService" name="@BeforeSuite startServer" time="0.0">
    <ignored/>
  </testcase> <!-- @BeforeSuite startServer -->
  <testcase classname="com.aajtak.android.init.AppiumService" name="@BeforeSuite startServer" time="0.0">
    <ignored/>
  </testcase> <!-- @BeforeSuite startServer -->
  <testcase classname="com.aajtak.android.init.AppiumService" name="@BeforeSuite startServer" time="0.0">
    <ignored/>
  </testcase> <!-- @BeforeSuite startServer -->
  <testcase classname="com.aajtak.android.init.AppiumService" name="@BeforeSuite startServer" time="0.0">
    <ignored/>
  </testcase> <!-- @BeforeSuite startServer -->
  <testcase classname="com.aajtak.android.init.AppiumService" name="@BeforeSuite startServer" time="0.0">
    <ignored/>
  </testcase> <!-- @BeforeSuite startServer -->
  <testcase classname="com.aajtak.android.init.AppiumService" name="@BeforeSuite startServer" time="0.0">
    <ignored/>
  </testcase> <!-- @BeforeSuite startServer -->
  <testcase classname="com.aajtak.android.init.AppiumService" name="@BeforeSuite startServer" time="0.0">
    <ignored/>
  </testcase> <!-- @BeforeSuite startServer -->
  <testcase classname="com.aajtak.android.init.AppiumService" name="@BeforeSuite startServer" time="0.0">
    <ignored/>
  </testcase> <!-- @BeforeSuite startServer -->
  <testcase classname="com.aajtak.android.init.AppiumService" name="@BeforeSuite startServer" time="0.0">
    <ignored/>
  </testcase> <!-- @BeforeSuite startServer -->
  <testcase classname="com.aajtak.android.init.AppiumService" name="@BeforeSuite startServer" time="0.0">
    <ignored/>
  </testcase> <!-- @BeforeSuite startServer -->
  <testcase classname="com.aajtak.android.init.AppiumService" name="@BeforeSuite startServer" time="0.0">
    <ignored/>
  </testcase> <!-- @BeforeSuite startServer -->
  <testcase classname="com.aajtak.android.init.AppiumService" name="@BeforeSuite startServer" time="0.0">
    <ignored/>
  </testcase> <!-- @BeforeSuite startServer -->
  <testcase classname="com.aajtak.android.init.AppiumService" name="@BeforeSuite startServer" time="0.0">
    <ignored/>
  </testcase> <!-- @BeforeSuite startServer -->
  <testcase classname="com.aajtak.android.init.AppiumService" name="@BeforeSuite startServer" time="0.0">
    <ignored/>
  </testcase> <!-- @BeforeSuite startServer -->
  <testcase classname="com.aajtak.android.init.AppiumService" name="@BeforeSuite startServer" time="0.0">
    <ignored/>
  </testcase> <!-- @BeforeSuite startServer -->
  <testcase classname="com.aajtak.android.init.AppiumService" name="@BeforeSuite startServer" time="0.0">
    <ignored/>
  </testcase> <!-- @BeforeSuite startServer -->
  <testcase classname="com.aajtak.android.init.AppiumService" name="@BeforeSuite startServer" time="0.0">
    <ignored/>
  </testcase> <!-- @BeforeSuite startServer -->
  <testcase classname="com.aajtak.android.init.AppiumService" name="@BeforeSuite startServer" time="0.0">
    <ignored/>
  </testcase> <!-- @BeforeSuite startServer -->
  <testcase classname="com.aajtak.android.init.AppiumService" name="@BeforeSuite startServer" time="0.0">
    <ignored/>
  </testcase> <!-- @BeforeSuite startServer -->
  <testcase classname="com.aajtak.android.init.AppiumService" name="@BeforeSuite startServer" time="0.0">
    <ignored/>
  </testcase> <!-- @BeforeSuite startServer -->
</testsuite> <!-- Aajtak_Test1 -->
